{"C:\\Users\\Jose Carlos\\Desktop\\TypeScript-Ali\\src\\test.sample.ts": {"path":"C:\\Users\\Jose Carlos\\Desktop\\TypeScript-Ali\\src\\test.sample.ts","statementMap":{"0":{"start":{"line":2,"column":16},"end":{"line":2,"column":19}},"1":{"start":{"line":3,"column":4},"end":{"line":3,"column":null}},"2":{"start":{"line":1,"column":0},"end":{"line":1,"column":16}}},"fnMap":{"0":{"name":"esDos","decl":{"start":{"line":1,"column":16},"end":{"line":1,"column":21}},"loc":{"start":{"line":1,"column":21},"end":{"line":4,"column":1}}}},"branchMap":{},"s":{"0":1,"1":1,"2":1},"f":{"0":1},"b":{}}
}
