{"/Users/alicorrales/Documents/ali/Proyects/All/Tsc_express_nodemon/src/server.ts": {"path":"/Users/alicorrales/Documents/ali/Proyects/All/Tsc_express_nodemon/src/server.ts","statementMap":{"0":{"start":{"line":1,"column":0},"end":{"line":1,"column":46}},"1":{"start":{"line":3,"column":0},"end":{"line":3,"column":46}},"2":{"start":{"line":4,"column":0},"end":{"line":4,"column":49}},"3":{"start":{"line":5,"column":0},"end":{"line":5,"column":47}},"4":{"start":{"line":6,"column":0},"end":{"line":6,"column":51}},"5":{"start":{"line":7,"column":0},"end":{"line":7,"column":28}},"6":{"start":{"line":8,"column":0},"end":{"line":8,"column":51}},"7":{"start":{"line":9,"column":0},"end":{"line":9,"column":58}},"8":{"start":{"line":10,"column":0},"end":{"line":10,"column":33}},"9":{"start":{"line":11,"column":13},"end":{"line":11,"column":null}},"10":{"start":{"line":14,"column":0},"end":{"line":14,"column":null}},"11":{"start":{"line":16,"column":0},"end":{"line":16,"column":16}},"12":{"start":{"line":17,"column":0},"end":{"line":17,"column":12}},"13":{"start":{"line":21,"column":0},"end":{"line":21,"column":13}},"14":{"start":{"line":22,"column":0},"end":{"line":22,"column":12}},"15":{"start":{"line":23,"column":0},"end":{"line":23,"column":14}},"16":{"start":{"line":24,"column":0},"end":{"line":24,"column":14}},"17":{"start":{"line":27,"column":0},"end":{"line":33,"column":null}},"18":{"start":{"line":28,"column":4},"end":{"line":30,"column":null}},"19":{"start":{"line":29,"column":8},"end":{"line":29,"column":null}},"20":{"start":{"line":32,"column":4},"end":{"line":32,"column":null}}},"fnMap":{"0":{"name":"(anonymous_7)","decl":{"start":{"line":28,"column":21},"end":{"line":28,"column":24}},"loc":{"start":{"line":28,"column":26},"end":{"line":30,"column":5}}}},"branchMap":{},"s":{"0":1,"1":1,"2":1,"3":1,"4":1,"5":1,"6":1,"7":1,"8":1,"9":1,"10":1,"11":1,"12":1,"13":1,"14":1,"15":1,"16":1,"17":1,"18":1,"19":1,"20":0},"f":{"0":1},"b":{}}
,"/Users/alicorrales/Documents/ali/Proyects/All/Tsc_express_nodemon/src/controllers/carController.ts": {"path":"/Users/alicorrales/Documents/ali/Proyects/All/Tsc_express_nodemon/src/controllers/carController.ts","statementMap":{"0":{"start":{"line":2,"column":0},"end":{"line":2,"column":33}},"1":{"start":{"line":3,"column":0},"end":{"line":3,"column":48}},"2":{"start":{"line":4,"column":0},"end":{"line":4,"column":47}},"3":{"start":{"line":7,"column":0},"end":{"line":56,"column":null}},"4":{"start":{"line":9,"column":33},"end":{"line":9,"column":45}},"5":{"start":{"line":10,"column":16},"end":{"line":10,"column":27}},"6":{"start":{"line":14,"column":27},"end":{"line":14,"column":60}},"7":{"start":{"line":16,"column":8},"end":{"line":16,"column":61}},"8":{"start":{"line":20,"column":21},"end":{"line":20,"column":34}},"9":{"start":{"line":21,"column":8},"end":{"line":26,"column":null}},"10":{"start":{"line":22,"column":33},"end":{"line":22,"column":67}},"11":{"start":{"line":23,"column":12},"end":{"line":23,"column":63}},"12":{"start":{"line":25,"column":12},"end":{"line":25,"column":null}},"13":{"start":{"line":31,"column":23},"end":{"line":31,"column":31}},"14":{"start":{"line":32,"column":29},"end":{"line":32,"column":71}},"15":{"start":{"line":33,"column":8},"end":{"line":33,"column":null}},"16":{"start":{"line":37,"column":21},"end":{"line":37,"column":34}},"17":{"start":{"line":38,"column":23},"end":{"line":38,"column":31}},"18":{"start":{"line":39,"column":8},"end":{"line":44,"column":null}},"19":{"start":{"line":40,"column":33},"end":{"line":40,"column":83}},"20":{"start":{"line":41,"column":12},"end":{"line":41,"column":null}},"21":{"start":{"line":43,"column":12},"end":{"line":43,"column":null}},"22":{"start":{"line":48,"column":21},"end":{"line":48,"column":34}},"23":{"start":{"line":49,"column":8},"end":{"line":54,"column":null}},"24":{"start":{"line":50,"column":29},"end":{"line":50,"column":69}},"25":{"start":{"line":51,"column":8},"end":{"line":51,"column":null}},"26":{"start":{"line":53,"column":8},"end":{"line":53,"column":null}},"27":{"start":{"line":7,"column":6},"end":{"line":56,"column":null}},"28":{"start":{"line":58,"column":0},"end":{"line":58,"column":29}}},"fnMap":{"0":{"name":"(anonymous_10)","decl":{"start":{"line":9,"column":4},"end":{"line":9,"column":33}},"loc":{"start":{"line":10,"column":33},"end":{"line":10,"column":39}}},"1":{"name":"(anonymous_11)","decl":{"start":{"line":13,"column":10},"end":{"line":13,"column":20}},"loc":{"start":{"line":13,"column":34},"end":{"line":17,"column":null}}},"2":{"name":"(anonymous_13)","decl":{"start":{"line":19,"column":10},"end":{"line":19,"column":16}},"loc":{"start":{"line":19,"column":44},"end":{"line":28,"column":null}}},"3":{"name":"(anonymous_15)","decl":{"start":{"line":30,"column":10},"end":{"line":30,"column":19}},"loc":{"start":{"line":30,"column":47},"end":{"line":34,"column":null}}},"4":{"name":"(anonymous_17)","decl":{"start":{"line":36,"column":10},"end":{"line":36,"column":19}},"loc":{"start":{"line":36,"column":47},"end":{"line":45,"column":null}}},"5":{"name":"(anonymous_19)","decl":{"start":{"line":47,"column":10},"end":{"line":47,"column":19}},"loc":{"start":{"line":47,"column":47},"end":{"line":55,"column":null}}}},"branchMap":{"0":{"loc":{"start":{"line":21,"column":8},"end":{"line":26,"column":null}},"type":"if","locations":[{"start":{"line":21,"column":8},"end":{"line":26,"column":null}},{"start":{"line":24,"column":15},"end":{"line":26,"column":null}}]},"1":{"loc":{"start":{"line":39,"column":8},"end":{"line":44,"column":null}},"type":"if","locations":[{"start":{"line":39,"column":8},"end":{"line":44,"column":null}},{"start":{"line":42,"column":15},"end":{"line":44,"column":null}}]},"2":{"loc":{"start":{"line":49,"column":8},"end":{"line":54,"column":null}},"type":"if","locations":[{"start":{"line":49,"column":8},"end":{"line":54,"column":null}},{"start":{"line":52,"column":11},"end":{"line":54,"column":null}}]}},"s":{"0":1,"1":1,"2":1,"3":1,"4":1,"5":1,"6":0,"7":0,"8":0,"9":0,"10":0,"11":0,"12":0,"13":0,"14":0,"15":0,"16":0,"17":0,"18":0,"19":0,"20":0,"21":0,"22":0,"23":0,"24":0,"25":0,"26":0,"27":1,"28":1},"f":{"0":1,"1":0,"2":0,"3":0,"4":0,"5":0},"b":{"0":[0,0],"1":[0,0],"2":[0,0]}}
,"/Users/alicorrales/Documents/ali/Proyects/All/Tsc_express_nodemon/src/controllers/houseController.ts": {"path":"/Users/alicorrales/Documents/ali/Proyects/All/Tsc_express_nodemon/src/controllers/houseController.ts","statementMap":{"0":{"start":{"line":2,"column":0},"end":{"line":2,"column":33}},"1":{"start":{"line":3,"column":0},"end":{"line":3,"column":52}},"2":{"start":{"line":6,"column":0},"end":{"line":52,"column":null}},"3":{"start":{"line":8,"column":33},"end":{"line":8,"column":47}},"4":{"start":{"line":12,"column":27},"end":{"line":12,"column":64}},"5":{"start":{"line":13,"column":8},"end":{"line":13,"column":64}},"6":{"start":{"line":17,"column":21},"end":{"line":17,"column":34}},"7":{"start":{"line":18,"column":8},"end":{"line":23,"column":null}},"8":{"start":{"line":19,"column":33},"end":{"line":19,"column":72}},"9":{"start":{"line":20,"column":12},"end":{"line":20,"column":null}},"10":{"start":{"line":22,"column":12},"end":{"line":22,"column":null}},"11":{"start":{"line":27,"column":23},"end":{"line":27,"column":31}},"12":{"start":{"line":28,"column":29},"end":{"line":28,"column":74}},"13":{"start":{"line":29,"column":8},"end":{"line":29,"column":null}},"14":{"start":{"line":33,"column":21},"end":{"line":33,"column":34}},"15":{"start":{"line":34,"column":23},"end":{"line":34,"column":31}},"16":{"start":{"line":35,"column":8},"end":{"line":40,"column":null}},"17":{"start":{"line":36,"column":33},"end":{"line":36,"column":87}},"18":{"start":{"line":37,"column":12},"end":{"line":37,"column":null}},"19":{"start":{"line":39,"column":12},"end":{"line":39,"column":null}},"20":{"start":{"line":44,"column":21},"end":{"line":44,"column":34}},"21":{"start":{"line":45,"column":8},"end":{"line":50,"column":null}},"22":{"start":{"line":46,"column":33},"end":{"line":46,"column":77}},"23":{"start":{"line":47,"column":12},"end":{"line":47,"column":null}},"24":{"start":{"line":49,"column":12},"end":{"line":49,"column":null}},"25":{"start":{"line":6,"column":6},"end":{"line":52,"column":null}},"26":{"start":{"line":54,"column":0},"end":{"line":54,"column":31}}},"fnMap":{"0":{"name":"(anonymous_10)","decl":{"start":{"line":8,"column":4},"end":{"line":8,"column":33}},"loc":{"start":{"line":8,"column":59},"end":{"line":8,"column":64}}},"1":{"name":"(anonymous_11)","decl":{"start":{"line":11,"column":10},"end":{"line":11,"column":21}},"loc":{"start":{"line":11,"column":35},"end":{"line":14,"column":null}}},"2":{"name":"(anonymous_13)","decl":{"start":{"line":16,"column":10},"end":{"line":16,"column":18}},"loc":{"start":{"line":16,"column":46},"end":{"line":24,"column":null}}},"3":{"name":"(anonymous_15)","decl":{"start":{"line":26,"column":10},"end":{"line":26,"column":21}},"loc":{"start":{"line":26,"column":49},"end":{"line":30,"column":null}}},"4":{"name":"(anonymous_17)","decl":{"start":{"line":32,"column":10},"end":{"line":32,"column":21}},"loc":{"start":{"line":32,"column":49},"end":{"line":41,"column":null}}},"5":{"name":"(anonymous_19)","decl":{"start":{"line":43,"column":10},"end":{"line":43,"column":21}},"loc":{"start":{"line":43,"column":49},"end":{"line":51,"column":null}}}},"branchMap":{"0":{"loc":{"start":{"line":18,"column":8},"end":{"line":23,"column":null}},"type":"if","locations":[{"start":{"line":18,"column":8},"end":{"line":23,"column":null}},{"start":{"line":21,"column":15},"end":{"line":23,"column":null}}]},"1":{"loc":{"start":{"line":35,"column":8},"end":{"line":40,"column":null}},"type":"if","locations":[{"start":{"line":35,"column":8},"end":{"line":40,"column":null}},{"start":{"line":38,"column":15},"end":{"line":40,"column":null}}]},"2":{"loc":{"start":{"line":45,"column":8},"end":{"line":50,"column":null}},"type":"if","locations":[{"start":{"line":45,"column":8},"end":{"line":50,"column":null}},{"start":{"line":48,"column":15},"end":{"line":50,"column":null}}]}},"s":{"0":1,"1":1,"2":1,"3":1,"4":0,"5":0,"6":0,"7":0,"8":0,"9":0,"10":0,"11":0,"12":0,"13":0,"14":0,"15":0,"16":0,"17":0,"18":0,"19":0,"20":0,"21":0,"22":0,"23":0,"24":0,"25":1,"26":1},"f":{"0":1,"1":0,"2":0,"3":0,"4":0,"5":0},"b":{"0":[0,0],"1":[0,0],"2":[0,0]}}
,"/Users/alicorrales/Documents/ali/Proyects/All/Tsc_express_nodemon/src/controllers/phoneController.ts": {"path":"/Users/alicorrales/Documents/ali/Proyects/All/Tsc_express_nodemon/src/controllers/phoneController.ts","statementMap":{"0":{"start":{"line":2,"column":0},"end":{"line":2,"column":33}},"1":{"start":{"line":3,"column":0},"end":{"line":3,"column":52}},"2":{"start":{"line":6,"column":0},"end":{"line":53,"column":null}},"3":{"start":{"line":8,"column":33},"end":{"line":8,"column":47}},"4":{"start":{"line":13,"column":27},"end":{"line":13,"column":64}},"5":{"start":{"line":14,"column":8},"end":{"line":14,"column":63}},"6":{"start":{"line":18,"column":21},"end":{"line":18,"column":34}},"7":{"start":{"line":19,"column":8},"end":{"line":24,"column":null}},"8":{"start":{"line":20,"column":35},"end":{"line":20,"column":73}},"9":{"start":{"line":21,"column":12},"end":{"line":21,"column":null}},"10":{"start":{"line":23,"column":12},"end":{"line":23,"column":null}},"11":{"start":{"line":28,"column":23},"end":{"line":28,"column":31}},"12":{"start":{"line":29,"column":29},"end":{"line":29,"column":74}},"13":{"start":{"line":30,"column":8},"end":{"line":30,"column":null}},"14":{"start":{"line":34,"column":21},"end":{"line":34,"column":34}},"15":{"start":{"line":35,"column":23},"end":{"line":35,"column":31}},"16":{"start":{"line":36,"column":8},"end":{"line":41,"column":null}},"17":{"start":{"line":37,"column":33},"end":{"line":37,"column":87}},"18":{"start":{"line":38,"column":12},"end":{"line":38,"column":null}},"19":{"start":{"line":40,"column":12},"end":{"line":40,"column":null}},"20":{"start":{"line":45,"column":21},"end":{"line":45,"column":34}},"21":{"start":{"line":46,"column":8},"end":{"line":51,"column":null}},"22":{"start":{"line":47,"column":29},"end":{"line":47,"column":73}},"23":{"start":{"line":48,"column":8},"end":{"line":48,"column":null}},"24":{"start":{"line":50,"column":8},"end":{"line":50,"column":null}},"25":{"start":{"line":6,"column":6},"end":{"line":53,"column":null}},"26":{"start":{"line":55,"column":0},"end":{"line":55,"column":31}}},"fnMap":{"0":{"name":"(anonymous_10)","decl":{"start":{"line":8,"column":4},"end":{"line":8,"column":33}},"loc":{"start":{"line":8,"column":59},"end":{"line":8,"column":64}}},"1":{"name":"(anonymous_11)","decl":{"start":{"line":11,"column":10},"end":{"line":11,"column":21}},"loc":{"start":{"line":11,"column":35},"end":{"line":15,"column":null}}},"2":{"name":"(anonymous_13)","decl":{"start":{"line":17,"column":10},"end":{"line":17,"column":18}},"loc":{"start":{"line":17,"column":46},"end":{"line":25,"column":null}}},"3":{"name":"(anonymous_15)","decl":{"start":{"line":27,"column":10},"end":{"line":27,"column":21}},"loc":{"start":{"line":27,"column":49},"end":{"line":31,"column":null}}},"4":{"name":"(anonymous_17)","decl":{"start":{"line":33,"column":10},"end":{"line":33,"column":21}},"loc":{"start":{"line":33,"column":49},"end":{"line":42,"column":null}}},"5":{"name":"(anonymous_19)","decl":{"start":{"line":44,"column":10},"end":{"line":44,"column":21}},"loc":{"start":{"line":44,"column":49},"end":{"line":52,"column":null}}}},"branchMap":{"0":{"loc":{"start":{"line":19,"column":8},"end":{"line":24,"column":null}},"type":"if","locations":[{"start":{"line":19,"column":8},"end":{"line":24,"column":null}},{"start":{"line":22,"column":15},"end":{"line":24,"column":null}}]},"1":{"loc":{"start":{"line":36,"column":8},"end":{"line":41,"column":null}},"type":"if","locations":[{"start":{"line":36,"column":8},"end":{"line":41,"column":null}},{"start":{"line":39,"column":15},"end":{"line":41,"column":null}}]},"2":{"loc":{"start":{"line":46,"column":8},"end":{"line":51,"column":null}},"type":"if","locations":[{"start":{"line":46,"column":8},"end":{"line":51,"column":null}},{"start":{"line":49,"column":11},"end":{"line":51,"column":null}}]}},"s":{"0":1,"1":1,"2":1,"3":1,"4":0,"5":0,"6":0,"7":0,"8":0,"9":0,"10":0,"11":0,"12":0,"13":0,"14":0,"15":0,"16":0,"17":0,"18":0,"19":0,"20":0,"21":0,"22":0,"23":0,"24":0,"25":1,"26":1},"f":{"0":1,"1":0,"2":0,"3":0,"4":0,"5":0},"b":{"0":[0,0],"1":[0,0],"2":[0,0]}}
,"/Users/alicorrales/Documents/ali/Proyects/All/Tsc_express_nodemon/src/controllers/userController.ts": {"path":"/Users/alicorrales/Documents/ali/Proyects/All/Tsc_express_nodemon/src/controllers/userController.ts","statementMap":{"0":{"start":{"line":2,"column":0},"end":{"line":2,"column":33}},"1":{"start":{"line":3,"column":0},"end":{"line":3,"column":50}},"2":{"start":{"line":4,"column":0},"end":{"line":4,"column":40}},"3":{"start":{"line":7,"column":0},"end":{"line":76,"column":null}},"4":{"start":{"line":8,"column":33},"end":{"line":8,"column":46}},"5":{"start":{"line":11,"column":27},"end":{"line":11,"column":63}},"6":{"start":{"line":12,"column":30},"end":{"line":12,"column":77}},"7":{"start":{"line":13,"column":8},"end":{"line":13,"column":58}},"8":{"start":{"line":17,"column":21},"end":{"line":17,"column":34}},"9":{"start":{"line":18,"column":8},"end":{"line":26,"column":null}},"10":{"start":{"line":19,"column":34},"end":{"line":19,"column":70}},"11":{"start":{"line":20,"column":34},"end":{"line":20,"column":77}},"12":{"start":{"line":21,"column":12},"end":{"line":21,"column":null}},"13":{"start":{"line":23,"column":34},"end":{"line":24,"column":60}},"14":{"start":{"line":25,"column":12},"end":{"line":25,"column":null}},"15":{"start":{"line":30,"column":21},"end":{"line":30,"column":34}},"16":{"start":{"line":31,"column":8},"end":{"line":39,"column":null}},"17":{"start":{"line":32,"column":38},"end":{"line":32,"column":78}},"18":{"start":{"line":33,"column":34},"end":{"line":33,"column":90}},"19":{"start":{"line":34,"column":12},"end":{"line":34,"column":null}},"20":{"start":{"line":36,"column":34},"end":{"line":37,"column":75}},"21":{"start":{"line":38,"column":12},"end":{"line":38,"column":null}},"22":{"start":{"line":44,"column":23},"end":{"line":44,"column":31}},"23":{"start":{"line":45,"column":29},"end":{"line":45,"column":73}},"24":{"start":{"line":46,"column":30},"end":{"line":46,"column":74}},"25":{"start":{"line":47,"column":8},"end":{"line":47,"column":null}},"26":{"start":{"line":51,"column":21},"end":{"line":51,"column":34}},"27":{"start":{"line":52,"column":23},"end":{"line":52,"column":31}},"28":{"start":{"line":53,"column":8},"end":{"line":61,"column":null}},"29":{"start":{"line":54,"column":33},"end":{"line":54,"column":76}},"30":{"start":{"line":55,"column":34},"end":{"line":55,"column":76}},"31":{"start":{"line":56,"column":12},"end":{"line":56,"column":null}},"32":{"start":{"line":58,"column":34},"end":{"line":59,"column":63}},"33":{"start":{"line":60,"column":12},"end":{"line":60,"column":null}},"34":{"start":{"line":65,"column":21},"end":{"line":65,"column":34}},"35":{"start":{"line":66,"column":8},"end":{"line":74,"column":null}},"36":{"start":{"line":67,"column":33},"end":{"line":67,"column":75}},"37":{"start":{"line":68,"column":34},"end":{"line":68,"column":78}},"38":{"start":{"line":69,"column":12},"end":{"line":69,"column":null}},"39":{"start":{"line":71,"column":34},"end":{"line":72,"column":63}},"40":{"start":{"line":73,"column":12},"end":{"line":73,"column":null}},"41":{"start":{"line":7,"column":6},"end":{"line":76,"column":null}},"42":{"start":{"line":78,"column":0},"end":{"line":78,"column":30}}},"fnMap":{"0":{"name":"(anonymous_10)","decl":{"start":{"line":8,"column":4},"end":{"line":8,"column":33}},"loc":{"start":{"line":8,"column":57},"end":{"line":8,"column":62}}},"1":{"name":"(anonymous_11)","decl":{"start":{"line":10,"column":10},"end":{"line":10,"column":21}},"loc":{"start":{"line":10,"column":35},"end":{"line":14,"column":null}}},"2":{"name":"(anonymous_13)","decl":{"start":{"line":16,"column":10},"end":{"line":16,"column":17}},"loc":{"start":{"line":16,"column":45},"end":{"line":27,"column":null}}},"3":{"name":"(anonymous_15)","decl":{"start":{"line":29,"column":10},"end":{"line":29,"column":24}},"loc":{"start":{"line":29,"column":52},"end":{"line":41,"column":null}}},"4":{"name":"(anonymous_17)","decl":{"start":{"line":43,"column":10},"end":{"line":43,"column":21}},"loc":{"start":{"line":43,"column":49},"end":{"line":48,"column":null}}},"5":{"name":"(anonymous_19)","decl":{"start":{"line":50,"column":10},"end":{"line":50,"column":20}},"loc":{"start":{"line":50,"column":48},"end":{"line":62,"column":null}}},"6":{"name":"(anonymous_21)","decl":{"start":{"line":64,"column":10},"end":{"line":64,"column":20}},"loc":{"start":{"line":64,"column":48},"end":{"line":75,"column":null}}}},"branchMap":{"0":{"loc":{"start":{"line":18,"column":8},"end":{"line":26,"column":null}},"type":"if","locations":[{"start":{"line":18,"column":8},"end":{"line":26,"column":null}},{"start":{"line":22,"column":15},"end":{"line":26,"column":null}}]},"1":{"loc":{"start":{"line":31,"column":8},"end":{"line":39,"column":null}},"type":"if","locations":[{"start":{"line":31,"column":8},"end":{"line":39,"column":null}},{"start":{"line":35,"column":15},"end":{"line":39,"column":null}}]},"2":{"loc":{"start":{"line":53,"column":8},"end":{"line":61,"column":null}},"type":"if","locations":[{"start":{"line":53,"column":8},"end":{"line":61,"column":null}},{"start":{"line":57,"column":15},"end":{"line":61,"column":null}}]},"3":{"loc":{"start":{"line":66,"column":8},"end":{"line":74,"column":null}},"type":"if","locations":[{"start":{"line":66,"column":8},"end":{"line":74,"column":null}},{"start":{"line":70,"column":15},"end":{"line":74,"column":null}}]}},"s":{"0":1,"1":1,"2":1,"3":1,"4":1,"5":1,"6":1,"7":1,"8":2,"9":2,"10":2,"11":2,"12":2,"13":0,"14":0,"15":0,"16":0,"17":0,"18":0,"19":0,"20":0,"21":0,"22":1,"23":1,"24":1,"25":1,"26":0,"27":0,"28":0,"29":0,"30":0,"31":0,"32":0,"33":0,"34":0,"35":0,"36":0,"37":0,"38":0,"39":0,"40":0,"41":1,"42":1},"f":{"0":1,"1":1,"2":2,"3":0,"4":1,"5":0,"6":0},"b":{"0":[2,0],"1":[0,0],"2":[0,0],"3":[0,0]}}
,"/Users/alicorrales/Documents/ali/Proyects/All/Tsc_express_nodemon/src/dto/carDTO.ts": {"path":"/Users/alicorrales/Documents/ali/Proyects/All/Tsc_express_nodemon/src/dto/carDTO.ts","statementMap":{"0":{"start":{"line":1,"column":0},"end":{"line":1,"column":46}},"1":{"start":{"line":3,"column":0},"end":{"line":47,"column":null}},"2":{"start":{"line":35,"column":8},"end":{"line":43,"column":null}},"3":{"start":{"line":5,"column":4},"end":{"line":5,"column":null}},"4":{"start":{"line":8,"column":4},"end":{"line":8,"column":null}},"5":{"start":{"line":11,"column":4},"end":{"line":11,"column":null}},"6":{"start":{"line":14,"column":4},"end":{"line":14,"column":null}},"7":{"start":{"line":17,"column":4},"end":{"line":17,"column":null}},"8":{"start":{"line":20,"column":4},"end":{"line":20,"column":null}},"9":{"start":{"line":23,"column":4},"end":{"line":23,"column":null}},"10":{"start":{"line":26,"column":4},"end":{"line":26,"column":null}},"11":{"start":{"line":29,"column":4},"end":{"line":29,"column":null}},"12":{"start":{"line":32,"column":4},"end":{"line":32,"column":null}},"13":{"start":{"line":3,"column":13},"end":{"line":47,"column":null}},"14":{"start":{"line":3,"column":13},"end":{"line":3,"column":19}}},"fnMap":{"0":{"name":"(anonymous_2)","decl":{"start":{"line":34,"column":4},"end":{"line":34,"column":16}},"loc":{"start":{"line":34,"column":23},"end":{"line":44,"column":5}}}},"branchMap":{},"s":{"0":1,"1":1,"2":0,"3":1,"4":1,"5":1,"6":1,"7":1,"8":1,"9":1,"10":1,"11":1,"12":1,"13":1,"14":1},"f":{"0":0},"b":{}}
,"/Users/alicorrales/Documents/ali/Proyects/All/Tsc_express_nodemon/src/dto/houseDTO.ts": {"path":"/Users/alicorrales/Documents/ali/Proyects/All/Tsc_express_nodemon/src/dto/houseDTO.ts","statementMap":{"0":{"start":{"line":1,"column":0},"end":{"line":1,"column":45}},"1":{"start":{"line":4,"column":0},"end":{"line":51,"column":null}},"2":{"start":{"line":39,"column":8},"end":{"line":49,"column":null}},"3":{"start":{"line":6,"column":4},"end":{"line":6,"column":null}},"4":{"start":{"line":9,"column":4},"end":{"line":9,"column":null}},"5":{"start":{"line":12,"column":4},"end":{"line":12,"column":null}},"6":{"start":{"line":15,"column":4},"end":{"line":15,"column":null}},"7":{"start":{"line":18,"column":4},"end":{"line":18,"column":null}},"8":{"start":{"line":21,"column":4},"end":{"line":21,"column":null}},"9":{"start":{"line":24,"column":4},"end":{"line":24,"column":null}},"10":{"start":{"line":27,"column":4},"end":{"line":27,"column":null}},"11":{"start":{"line":30,"column":4},"end":{"line":30,"column":null}},"12":{"start":{"line":33,"column":4},"end":{"line":33,"column":null}},"13":{"start":{"line":36,"column":4},"end":{"line":36,"column":null}},"14":{"start":{"line":4,"column":13},"end":{"line":51,"column":null}},"15":{"start":{"line":4,"column":13},"end":{"line":4,"column":21}}},"fnMap":{"0":{"name":"(anonymous_2)","decl":{"start":{"line":38,"column":4},"end":{"line":38,"column":16}},"loc":{"start":{"line":38,"column":23},"end":{"line":50,"column":5}}}},"branchMap":{},"s":{"0":1,"1":1,"2":0,"3":1,"4":1,"5":1,"6":1,"7":1,"8":1,"9":1,"10":1,"11":1,"12":1,"13":1,"14":1,"15":1},"f":{"0":0},"b":{}}
,"/Users/alicorrales/Documents/ali/Proyects/All/Tsc_express_nodemon/src/dto/phoneDTO.ts": {"path":"/Users/alicorrales/Documents/ali/Proyects/All/Tsc_express_nodemon/src/dto/phoneDTO.ts","statementMap":{"0":{"start":{"line":1,"column":0},"end":{"line":1,"column":46}},"1":{"start":{"line":4,"column":0},"end":{"line":42,"column":null}},"2":{"start":{"line":33,"column":8},"end":{"line":40,"column":null}},"3":{"start":{"line":6,"column":4},"end":{"line":6,"column":null}},"4":{"start":{"line":9,"column":4},"end":{"line":9,"column":null}},"5":{"start":{"line":12,"column":4},"end":{"line":12,"column":null}},"6":{"start":{"line":15,"column":4},"end":{"line":15,"column":null}},"7":{"start":{"line":18,"column":4},"end":{"line":18,"column":null}},"8":{"start":{"line":21,"column":4},"end":{"line":21,"column":null}},"9":{"start":{"line":24,"column":4},"end":{"line":24,"column":null}},"10":{"start":{"line":27,"column":4},"end":{"line":27,"column":null}},"11":{"start":{"line":30,"column":4},"end":{"line":30,"column":null}},"12":{"start":{"line":4,"column":13},"end":{"line":42,"column":null}},"13":{"start":{"line":4,"column":13},"end":{"line":4,"column":21}}},"fnMap":{"0":{"name":"(anonymous_2)","decl":{"start":{"line":32,"column":4},"end":{"line":32,"column":16}},"loc":{"start":{"line":32,"column":23},"end":{"line":41,"column":5}}}},"branchMap":{},"s":{"0":1,"1":1,"2":0,"3":1,"4":1,"5":1,"6":1,"7":1,"8":1,"9":1,"10":1,"11":1,"12":1,"13":1},"f":{"0":0},"b":{}}
,"/Users/alicorrales/Documents/ali/Proyects/All/Tsc_express_nodemon/src/dto/userDTO.ts": {"path":"/Users/alicorrales/Documents/ali/Proyects/All/Tsc_express_nodemon/src/dto/userDTO.ts","statementMap":{"0":{"start":{"line":1,"column":0},"end":{"line":1,"column":45}},"1":{"start":{"line":4,"column":0},"end":{"line":47,"column":null}},"2":{"start":{"line":36,"column":8},"end":{"line":45,"column":null}},"3":{"start":{"line":6,"column":4},"end":{"line":6,"column":null}},"4":{"start":{"line":9,"column":4},"end":{"line":9,"column":null}},"5":{"start":{"line":12,"column":4},"end":{"line":12,"column":null}},"6":{"start":{"line":15,"column":4},"end":{"line":15,"column":null}},"7":{"start":{"line":18,"column":4},"end":{"line":18,"column":null}},"8":{"start":{"line":21,"column":4},"end":{"line":21,"column":null}},"9":{"start":{"line":24,"column":4},"end":{"line":24,"column":null}},"10":{"start":{"line":27,"column":4},"end":{"line":27,"column":null}},"11":{"start":{"line":30,"column":4},"end":{"line":30,"column":null}},"12":{"start":{"line":33,"column":4},"end":{"line":33,"column":null}},"13":{"start":{"line":4,"column":13},"end":{"line":47,"column":null}},"14":{"start":{"line":4,"column":13},"end":{"line":4,"column":20}}},"fnMap":{"0":{"name":"(anonymous_2)","decl":{"start":{"line":35,"column":4},"end":{"line":35,"column":16}},"loc":{"start":{"line":35,"column":23},"end":{"line":46,"column":5}}}},"branchMap":{},"s":{"0":1,"1":1,"2":9,"3":1,"4":1,"5":1,"6":1,"7":1,"8":1,"9":1,"10":1,"11":1,"12":1,"13":1,"14":1},"f":{"0":9},"b":{}}
,"/Users/alicorrales/Documents/ali/Proyects/All/Tsc_express_nodemon/src/models/car.ts": {"path":"/Users/alicorrales/Documents/ali/Proyects/All/Tsc_express_nodemon/src/models/car.ts","statementMap":{"0":{"start":{"line":1,"column":0},"end":{"line":1,"column":61}},"1":{"start":{"line":38,"column":8},"end":{"line":46,"column":null}},"2":{"start":{"line":8,"column":4},"end":{"line":8,"column":null}},"3":{"start":{"line":11,"column":4},"end":{"line":11,"column":null}},"4":{"start":{"line":14,"column":4},"end":{"line":14,"column":null}},"5":{"start":{"line":17,"column":4},"end":{"line":17,"column":null}},"6":{"start":{"line":20,"column":4},"end":{"line":20,"column":null}},"7":{"start":{"line":23,"column":4},"end":{"line":23,"column":null}},"8":{"start":{"line":26,"column":4},"end":{"line":26,"column":null}},"9":{"start":{"line":29,"column":4},"end":{"line":29,"column":null}},"10":{"start":{"line":32,"column":4},"end":{"line":32,"column":null}},"11":{"start":{"line":35,"column":4},"end":{"line":35,"column":null}},"12":{"start":{"line":5,"column":0},"end":{"line":5,"column":13}},"13":{"start":{"line":51,"column":13},"end":{"line":51,"column":null}}},"fnMap":{"0":{"name":"(anonymous_2)","decl":{"start":{"line":37,"column":4},"end":{"line":37,"column":16}},"loc":{"start":{"line":37,"column":23},"end":{"line":47,"column":5}}}},"branchMap":{},"s":{"0":1,"1":0,"2":1,"3":1,"4":1,"5":1,"6":1,"7":1,"8":1,"9":1,"10":1,"11":1,"12":1,"13":1},"f":{"0":0},"b":{}}
,"/Users/alicorrales/Documents/ali/Proyects/All/Tsc_express_nodemon/src/models/house.ts": {"path":"/Users/alicorrales/Documents/ali/Proyects/All/Tsc_express_nodemon/src/models/house.ts","statementMap":{"0":{"start":{"line":1,"column":0},"end":{"line":1,"column":61}},"1":{"start":{"line":8,"column":4},"end":{"line":8,"column":null}},"2":{"start":{"line":11,"column":4},"end":{"line":11,"column":null}},"3":{"start":{"line":14,"column":4},"end":{"line":14,"column":null}},"4":{"start":{"line":17,"column":4},"end":{"line":17,"column":null}},"5":{"start":{"line":20,"column":4},"end":{"line":20,"column":null}},"6":{"start":{"line":23,"column":4},"end":{"line":23,"column":null}},"7":{"start":{"line":26,"column":4},"end":{"line":26,"column":null}},"8":{"start":{"line":29,"column":4},"end":{"line":29,"column":null}},"9":{"start":{"line":32,"column":4},"end":{"line":32,"column":null}},"10":{"start":{"line":35,"column":4},"end":{"line":35,"column":null}},"11":{"start":{"line":38,"column":4},"end":{"line":38,"column":null}},"12":{"start":{"line":5,"column":0},"end":{"line":5,"column":13}},"13":{"start":{"line":41,"column":13},"end":{"line":41,"column":null}}},"fnMap":{},"branchMap":{},"s":{"0":1,"1":1,"2":1,"3":1,"4":1,"5":1,"6":1,"7":1,"8":1,"9":1,"10":1,"11":1,"12":1,"13":1},"f":{},"b":{}}
,"/Users/alicorrales/Documents/ali/Proyects/All/Tsc_express_nodemon/src/models/phone.ts": {"path":"/Users/alicorrales/Documents/ali/Proyects/All/Tsc_express_nodemon/src/models/phone.ts","statementMap":{"0":{"start":{"line":1,"column":0},"end":{"line":1,"column":61}},"1":{"start":{"line":8,"column":4},"end":{"line":8,"column":null}},"2":{"start":{"line":11,"column":4},"end":{"line":11,"column":null}},"3":{"start":{"line":14,"column":4},"end":{"line":14,"column":null}},"4":{"start":{"line":17,"column":4},"end":{"line":17,"column":null}},"5":{"start":{"line":20,"column":4},"end":{"line":20,"column":null}},"6":{"start":{"line":23,"column":4},"end":{"line":23,"column":null}},"7":{"start":{"line":26,"column":4},"end":{"line":26,"column":null}},"8":{"start":{"line":29,"column":4},"end":{"line":29,"column":null}},"9":{"start":{"line":32,"column":4},"end":{"line":32,"column":null}},"10":{"start":{"line":5,"column":0},"end":{"line":5,"column":13}},"11":{"start":{"line":36,"column":13},"end":{"line":36,"column":null}}},"fnMap":{},"branchMap":{},"s":{"0":1,"1":1,"2":1,"3":1,"4":1,"5":1,"6":1,"7":1,"8":1,"9":1,"10":1,"11":1},"f":{},"b":{}}
,"/Users/alicorrales/Documents/ali/Proyects/All/Tsc_express_nodemon/src/models/user.ts": {"path":"/Users/alicorrales/Documents/ali/Proyects/All/Tsc_express_nodemon/src/models/user.ts","statementMap":{"0":{"start":{"line":1,"column":0},"end":{"line":1,"column":66}},"1":{"start":{"line":2,"column":0},"end":{"line":2,"column":28}},"2":{"start":{"line":3,"column":0},"end":{"line":3,"column":32}},"3":{"start":{"line":4,"column":0},"end":{"line":4,"column":32}},"4":{"start":{"line":10,"column":4},"end":{"line":10,"column":null}},"5":{"start":{"line":13,"column":4},"end":{"line":13,"column":null}},"6":{"start":{"line":16,"column":4},"end":{"line":16,"column":null}},"7":{"start":{"line":19,"column":4},"end":{"line":19,"column":null}},"8":{"start":{"line":22,"column":4},"end":{"line":28,"column":null}},"9":{"start":{"line":31,"column":4},"end":{"line":31,"column":null}},"10":{"start":{"line":34,"column":4},"end":{"line":34,"column":null}},"11":{"start":{"line":37,"column":4},"end":{"line":37,"column":null}},"12":{"start":{"line":36,"column":21},"end":{"line":36,"column":24}},"13":{"start":{"line":40,"column":4},"end":{"line":40,"column":null}},"14":{"start":{"line":39,"column":21},"end":{"line":39,"column":26}},"15":{"start":{"line":43,"column":4},"end":{"line":43,"column":null}},"16":{"start":{"line":42,"column":21},"end":{"line":42,"column":26}},"17":{"start":{"line":7,"column":0},"end":{"line":7,"column":13}},"18":{"start":{"line":48,"column":13},"end":{"line":48,"column":null}}},"fnMap":{"0":{"name":"(anonymous_2)","decl":{"start":{"line":36,"column":16},"end":{"line":36,"column":18}},"loc":{"start":{"line":36,"column":21},"end":{"line":36,"column":24}}},"1":{"name":"(anonymous_3)","decl":{"start":{"line":39,"column":16},"end":{"line":39,"column":18}},"loc":{"start":{"line":39,"column":21},"end":{"line":39,"column":26}}},"2":{"name":"(anonymous_4)","decl":{"start":{"line":42,"column":16},"end":{"line":42,"column":18}},"loc":{"start":{"line":42,"column":21},"end":{"line":42,"column":26}}}},"branchMap":{},"s":{"0":1,"1":1,"2":1,"3":1,"4":1,"5":1,"6":1,"7":1,"8":1,"9":1,"10":1,"11":1,"12":1,"13":1,"14":1,"15":1,"16":1,"17":1,"18":1},"f":{"0":1,"1":1,"2":1},"b":{}}
,"/Users/alicorrales/Documents/ali/Proyects/All/Tsc_express_nodemon/src/repository/carRepository.ts": {"path":"/Users/alicorrales/Documents/ali/Proyects/All/Tsc_express_nodemon/src/repository/carRepository.ts","statementMap":{"0":{"start":{"line":1,"column":0},"end":{"line":1,"column":33}},"1":{"start":{"line":2,"column":0},"end":{"line":2,"column":40}},"2":{"start":{"line":3,"column":0},"end":{"line":3,"column":43}},"3":{"start":{"line":5,"column":0},"end":{"line":5,"column":47}},"4":{"start":{"line":6,"column":0},"end":{"line":6,"column":88}},"5":{"start":{"line":7,"column":0},"end":{"line":7,"column":40}},"6":{"start":{"line":10,"column":0},"end":{"line":88,"column":null}},"7":{"start":{"line":11,"column":24},"end":{"line":11,"column":32}},"8":{"start":{"line":11,"column":48},"end":{"line":11,"column":57}},"9":{"start":{"line":16,"column":21},"end":{"line":16,"column":42}},"10":{"start":{"line":17,"column":35},"end":{"line":17,"column":37}},"11":{"start":{"line":18,"column":8},"end":{"line":21,"column":null}},"12":{"start":{"line":19,"column":24},"end":{"line":19,"column":53}},"13":{"start":{"line":20,"column":12},"end":{"line":20,"column":null}},"14":{"start":{"line":22,"column":8},"end":{"line":22,"column":24}},"15":{"start":{"line":26,"column":24},"end":{"line":26,"column":37}},"16":{"start":{"line":27,"column":28},"end":{"line":27,"column":60}},"17":{"start":{"line":28,"column":26},"end":{"line":28,"column":65}},"18":{"start":{"line":29,"column":29},"end":{"line":29,"column":57}},"19":{"start":{"line":30,"column":8},"end":{"line":30,"column":null}},"20":{"start":{"line":32,"column":8},"end":{"line":32,"column":25}},"21":{"start":{"line":38,"column":27},"end":{"line":38,"column":62}},"22":{"start":{"line":39,"column":30},"end":{"line":39,"column":43}},"23":{"start":{"line":40,"column":23},"end":{"line":40,"column":44}},"24":{"start":{"line":41,"column":28},"end":{"line":41,"column":73}},"25":{"start":{"line":42,"column":31},"end":{"line":42,"column":77}},"26":{"start":{"line":44,"column":22},"end":{"line":44,"column":67}},"27":{"start":{"line":46,"column":8},"end":{"line":50,"column":null}},"28":{"start":{"line":47,"column":36},"end":{"line":49,"column":14}},"29":{"start":{"line":51,"column":8},"end":{"line":51,"column":26}},"30":{"start":{"line":55,"column":24},"end":{"line":55,"column":37}},"31":{"start":{"line":56,"column":23},"end":{"line":56,"column":55}},"32":{"start":{"line":57,"column":8},"end":{"line":63,"column":null}},"33":{"start":{"line":58,"column":26},"end":{"line":58,"column":70}},"34":{"start":{"line":59,"column":8},"end":{"line":59,"column":25}},"35":{"start":{"line":61,"column":30},"end":{"line":61,"column":32}},"36":{"start":{"line":62,"column":12},"end":{"line":62,"column":29}},"37":{"start":{"line":67,"column":24},"end":{"line":67,"column":37}},"38":{"start":{"line":68,"column":20},"end":{"line":68,"column":47}},"39":{"start":{"line":70,"column":23},"end":{"line":70,"column":34}},"40":{"start":{"line":71,"column":23},"end":{"line":71,"column":88}},"41":{"start":{"line":72,"column":23},"end":{"line":72,"column":32}},"42":{"start":{"line":73,"column":18},"end":{"line":73,"column":36}},"43":{"start":{"line":74,"column":25},"end":{"line":74,"column":27}},"44":{"start":{"line":75,"column":8},"end":{"line":79,"column":null}},"45":{"start":{"line":76,"column":12},"end":{"line":78,"column":null}},"46":{"start":{"line":77,"column":16},"end":{"line":77,"column":null}},"47":{"start":{"line":80,"column":27},"end":{"line":80,"column":98}},"48":{"start":{"line":81,"column":26},"end":{"line":81,"column":60}},"49":{"start":{"line":82,"column":8},"end":{"line":82,"column":25}},"50":{"start":{"line":10,"column":6},"end":{"line":88,"column":null}},"51":{"start":{"line":90,"column":0},"end":{"line":90,"column":29}}},"fnMap":{"0":{"name":"(anonymous_9)","decl":{"start":{"line":11,"column":4},"end":{"line":11,"column":24}},"loc":{"start":{"line":11,"column":72},"end":{"line":11,"column":77}}},"1":{"name":"(anonymous_10)","decl":{"start":{"line":14,"column":10},"end":{"line":14,"column":14}},"loc":{"start":{"line":14,"column":14},"end":{"line":23,"column":null}}},"2":{"name":"(anonymous_12)","decl":{"start":{"line":25,"column":10},"end":{"line":25,"column":18}},"loc":{"start":{"line":25,"column":29},"end":{"line":35,"column":null}}},"3":{"name":"(anonymous_14)","decl":{"start":{"line":37,"column":10},"end":{"line":37,"column":16}},"loc":{"start":{"line":37,"column":33},"end":{"line":52,"column":null}}},"4":{"name":"(anonymous_16)","decl":{"start":{"line":54,"column":10},"end":{"line":54,"column":16}},"loc":{"start":{"line":54,"column":43},"end":{"line":64,"column":null}}},"5":{"name":"(anonymous_18)","decl":{"start":{"line":66,"column":10},"end":{"line":66,"column":16}},"loc":{"start":{"line":66,"column":27},"end":{"line":84,"column":null}}}},"branchMap":{"0":{"loc":{"start":{"line":40,"column":23},"end":{"line":40,"column":44}},"type":"cond-expr","locations":[{"start":{"line":40,"column":36},"end":{"line":40,"column":38}},{"start":{"line":40,"column":23},"end":{"line":40,"column":44}}]},"1":{"loc":{"start":{"line":40,"column":23},"end":{"line":40,"column":38}},"type":"binary-expr","locations":[{"start":{"line":40,"column":23},"end":{"line":40,"column":38}},{"start":{"line":40,"column":23},"end":{"line":40,"column":38}}]},"2":{"loc":{"start":{"line":48,"column":38},"end":{"line":48,"column":43}},"type":"cond-expr","locations":[{"start":{"line":48,"column":39},"end":{"line":48,"column":41}},{"start":{"line":48,"column":38},"end":{"line":48,"column":43}}]},"3":{"loc":{"start":{"line":48,"column":38},"end":{"line":48,"column":41}},"type":"binary-expr","locations":[{"start":{"line":48,"column":38},"end":{"line":48,"column":41}},{"start":{"line":48,"column":38},"end":{"line":48,"column":41}}]},"4":{"loc":{"start":{"line":57,"column":8},"end":{"line":63,"column":null}},"type":"if","locations":[{"start":{"line":57,"column":8},"end":{"line":63,"column":null}},{"start":{"line":60,"column":13},"end":{"line":63,"column":null}}]},"5":{"loc":{"start":{"line":70,"column":23},"end":{"line":70,"column":34}},"type":"cond-expr","locations":[{"start":{"line":70,"column":26},"end":{"line":70,"column":28}},{"start":{"line":70,"column":23},"end":{"line":70,"column":34}}]},"6":{"loc":{"start":{"line":70,"column":23},"end":{"line":70,"column":28}},"type":"binary-expr","locations":[{"start":{"line":70,"column":23},"end":{"line":70,"column":28}},{"start":{"line":70,"column":23},"end":{"line":70,"column":28}}]},"7":{"loc":{"start":{"line":76,"column":12},"end":{"line":78,"column":null}},"type":"if","locations":[{"start":{"line":76,"column":12},"end":{"line":78,"column":null}}]},"8":{"loc":{"start":{"line":76,"column":15},"end":{"line":76,"column":28}},"type":"cond-expr","locations":[{"start":{"line":76,"column":16},"end":{"line":76,"column":18}},{"start":{"line":76,"column":15},"end":{"line":76,"column":28}}]},"9":{"loc":{"start":{"line":76,"column":15},"end":{"line":76,"column":18}},"type":"binary-expr","locations":[{"start":{"line":76,"column":15},"end":{"line":76,"column":18}},{"start":{"line":76,"column":15},"end":{"line":76,"column":18}}]}},"s":{"0":1,"1":1,"2":1,"3":1,"4":1,"5":1,"6":1,"7":1,"8":1,"9":0,"10":0,"11":0,"12":0,"13":0,"14":0,"15":0,"16":0,"17":0,"18":0,"19":0,"20":0,"21":0,"22":0,"23":0,"24":0,"25":0,"26":0,"27":0,"28":0,"29":0,"30":0,"31":0,"32":0,"33":0,"34":0,"35":0,"36":0,"37":0,"38":0,"39":0,"40":0,"41":0,"42":0,"43":0,"44":0,"45":0,"46":0,"47":0,"48":0,"49":0,"50":1,"51":1},"f":{"0":1,"1":0,"2":0,"3":0,"4":0,"5":0},"b":{"0":[0,0],"1":[0,0],"2":[0,0],"3":[0,0],"4":[0,0],"5":[0,0],"6":[0,0],"7":[0],"8":[0,0],"9":[0,0]}}
,"/Users/alicorrales/Documents/ali/Proyects/All/Tsc_express_nodemon/src/repository/houseRepository.ts": {"path":"/Users/alicorrales/Documents/ali/Proyects/All/Tsc_express_nodemon/src/repository/houseRepository.ts","statementMap":{"0":{"start":{"line":1,"column":0},"end":{"line":1,"column":33}},"1":{"start":{"line":3,"column":0},"end":{"line":3,"column":45}},"2":{"start":{"line":4,"column":0},"end":{"line":4,"column":43}},"3":{"start":{"line":7,"column":0},"end":{"line":7,"column":51}},"4":{"start":{"line":8,"column":0},"end":{"line":8,"column":92}},"5":{"start":{"line":10,"column":0},"end":{"line":89,"column":null}},"6":{"start":{"line":11,"column":24},"end":{"line":11,"column":34}},"7":{"start":{"line":11,"column":51},"end":{"line":11,"column":62}},"8":{"start":{"line":14,"column":21},"end":{"line":14,"column":44}},"9":{"start":{"line":15,"column":37},"end":{"line":15,"column":39}},"10":{"start":{"line":17,"column":8},"end":{"line":20,"column":null}},"11":{"start":{"line":18,"column":24},"end":{"line":18,"column":55}},"12":{"start":{"line":19,"column":12},"end":{"line":19,"column":null}},"13":{"start":{"line":21,"column":8},"end":{"line":21,"column":24}},"14":{"start":{"line":25,"column":24},"end":{"line":25,"column":37}},"15":{"start":{"line":26,"column":25},"end":{"line":26,"column":49}},"16":{"start":{"line":28,"column":8},"end":{"line":36,"column":null}},"17":{"start":{"line":29,"column":34},"end":{"line":29,"column":68}},"18":{"start":{"line":30,"column":30},"end":{"line":30,"column":73}},"19":{"start":{"line":31,"column":12},"end":{"line":31,"column":29}},"20":{"start":{"line":34,"column":12},"end":{"line":34,"column":41}},"21":{"start":{"line":35,"column":12},"end":{"line":35,"column":30}},"22":{"start":{"line":47,"column":29},"end":{"line":47,"column":66}},"23":{"start":{"line":48,"column":30},"end":{"line":48,"column":45}},"24":{"start":{"line":49,"column":27},"end":{"line":49,"column":43}},"25":{"start":{"line":50,"column":23},"end":{"line":50,"column":44}},"26":{"start":{"line":51,"column":31},"end":{"line":51,"column":72}},"27":{"start":{"line":53,"column":8},"end":{"line":57,"column":null}},"28":{"start":{"line":54,"column":36},"end":{"line":56,"column":14}},"29":{"start":{"line":58,"column":8},"end":{"line":58,"column":28}},"30":{"start":{"line":65,"column":24},"end":{"line":65,"column":37}},"31":{"start":{"line":66,"column":28},"end":{"line":66,"column":74}},"32":{"start":{"line":67,"column":8},"end":{"line":67,"column":27}},"33":{"start":{"line":71,"column":24},"end":{"line":71,"column":37}},"34":{"start":{"line":72,"column":22},"end":{"line":72,"column":51}},"35":{"start":{"line":73,"column":33},"end":{"line":73,"column":56}},"36":{"start":{"line":74,"column":23},"end":{"line":74,"column":36}},"37":{"start":{"line":75,"column":23},"end":{"line":75,"column":90}},"38":{"start":{"line":76,"column":23},"end":{"line":76,"column":32}},"39":{"start":{"line":77,"column":18},"end":{"line":77,"column":38}},"40":{"start":{"line":78,"column":25},"end":{"line":78,"column":27}},"41":{"start":{"line":79,"column":8},"end":{"line":83,"column":null}},"42":{"start":{"line":80,"column":12},"end":{"line":82,"column":null}},"43":{"start":{"line":81,"column":16},"end":{"line":81,"column":null}},"44":{"start":{"line":84,"column":8},"end":{"line":84,"column":30}},"45":{"start":{"line":85,"column":27},"end":{"line":85,"column":100}},"46":{"start":{"line":86,"column":28},"end":{"line":86,"column":64}},"47":{"start":{"line":87,"column":8},"end":{"line":87,"column":27}},"48":{"start":{"line":10,"column":6},"end":{"line":89,"column":null}},"49":{"start":{"line":91,"column":0},"end":{"line":91,"column":31}}},"fnMap":{"0":{"name":"(anonymous_9)","decl":{"start":{"line":11,"column":4},"end":{"line":11,"column":24}},"loc":{"start":{"line":11,"column":79},"end":{"line":11,"column":82}}},"1":{"name":"(anonymous_10)","decl":{"start":{"line":13,"column":10},"end":{"line":13,"column":14}},"loc":{"start":{"line":13,"column":14},"end":{"line":22,"column":null}}},"2":{"name":"(anonymous_12)","decl":{"start":{"line":24,"column":10},"end":{"line":24,"column":18}},"loc":{"start":{"line":24,"column":29},"end":{"line":37,"column":null}}},"3":{"name":"(anonymous_14)","decl":{"start":{"line":44,"column":10},"end":{"line":44,"column":16}},"loc":{"start":{"line":44,"column":35},"end":{"line":59,"column":null}}},"4":{"name":"(anonymous_16)","decl":{"start":{"line":64,"column":10},"end":{"line":64,"column":16}},"loc":{"start":{"line":64,"column":43},"end":{"line":68,"column":null}}},"5":{"name":"(anonymous_18)","decl":{"start":{"line":70,"column":10},"end":{"line":70,"column":16}},"loc":{"start":{"line":70,"column":27},"end":{"line":88,"column":null}}}},"branchMap":{"0":{"loc":{"start":{"line":28,"column":8},"end":{"line":36,"column":null}},"type":"if","locations":[{"start":{"line":28,"column":8},"end":{"line":36,"column":null}},{"start":{"line":33,"column":12},"end":{"line":36,"column":null}}]},"1":{"loc":{"start":{"line":50,"column":23},"end":{"line":50,"column":44}},"type":"cond-expr","locations":[{"start":{"line":50,"column":36},"end":{"line":50,"column":38}},{"start":{"line":50,"column":23},"end":{"line":50,"column":44}}]},"2":{"loc":{"start":{"line":50,"column":23},"end":{"line":50,"column":38}},"type":"binary-expr","locations":[{"start":{"line":50,"column":23},"end":{"line":50,"column":38}},{"start":{"line":50,"column":23},"end":{"line":50,"column":38}}]},"3":{"loc":{"start":{"line":55,"column":38},"end":{"line":55,"column":43}},"type":"cond-expr","locations":[{"start":{"line":55,"column":39},"end":{"line":55,"column":41}},{"start":{"line":55,"column":38},"end":{"line":55,"column":43}}]},"4":{"loc":{"start":{"line":55,"column":38},"end":{"line":55,"column":41}},"type":"binary-expr","locations":[{"start":{"line":55,"column":38},"end":{"line":55,"column":41}},{"start":{"line":55,"column":38},"end":{"line":55,"column":41}}]},"5":{"loc":{"start":{"line":74,"column":23},"end":{"line":74,"column":36}},"type":"cond-expr","locations":[{"start":{"line":74,"column":28},"end":{"line":74,"column":30}},{"start":{"line":74,"column":23},"end":{"line":74,"column":36}}]},"6":{"loc":{"start":{"line":74,"column":23},"end":{"line":74,"column":30}},"type":"binary-expr","locations":[{"start":{"line":74,"column":23},"end":{"line":74,"column":30}},{"start":{"line":74,"column":23},"end":{"line":74,"column":30}}]},"7":{"loc":{"start":{"line":80,"column":12},"end":{"line":82,"column":null}},"type":"if","locations":[{"start":{"line":80,"column":12},"end":{"line":82,"column":null}}]},"8":{"loc":{"start":{"line":80,"column":15},"end":{"line":80,"column":28}},"type":"cond-expr","locations":[{"start":{"line":80,"column":16},"end":{"line":80,"column":18}},{"start":{"line":80,"column":15},"end":{"line":80,"column":28}}]},"9":{"loc":{"start":{"line":80,"column":15},"end":{"line":80,"column":18}},"type":"binary-expr","locations":[{"start":{"line":80,"column":15},"end":{"line":80,"column":18}},{"start":{"line":80,"column":15},"end":{"line":80,"column":18}}]}},"s":{"0":1,"1":1,"2":1,"3":1,"4":1,"5":1,"6":1,"7":1,"8":0,"9":0,"10":0,"11":0,"12":0,"13":0,"14":0,"15":0,"16":0,"17":0,"18":0,"19":0,"20":0,"21":0,"22":0,"23":0,"24":0,"25":0,"26":0,"27":0,"28":0,"29":0,"30":0,"31":0,"32":0,"33":0,"34":0,"35":0,"36":0,"37":0,"38":0,"39":0,"40":0,"41":0,"42":0,"43":0,"44":0,"45":0,"46":0,"47":0,"48":1,"49":1},"f":{"0":1,"1":0,"2":0,"3":0,"4":0,"5":0},"b":{"0":[0,0],"1":[0,0],"2":[0,0],"3":[0,0],"4":[0,0],"5":[0,0],"6":[0,0],"7":[0],"8":[0,0],"9":[0,0]}}
,"/Users/alicorrales/Documents/ali/Proyects/All/Tsc_express_nodemon/src/repository/phoneRepository.ts": {"path":"/Users/alicorrales/Documents/ali/Proyects/All/Tsc_express_nodemon/src/repository/phoneRepository.ts","statementMap":{"0":{"start":{"line":1,"column":0},"end":{"line":1,"column":33}},"1":{"start":{"line":3,"column":0},"end":{"line":3,"column":45}},"2":{"start":{"line":5,"column":0},"end":{"line":5,"column":43}},"3":{"start":{"line":6,"column":0},"end":{"line":6,"column":51}},"4":{"start":{"line":9,"column":0},"end":{"line":68,"column":null}},"5":{"start":{"line":10,"column":24},"end":{"line":10,"column":34}},"6":{"start":{"line":13,"column":21},"end":{"line":13,"column":44}},"7":{"start":{"line":14,"column":37},"end":{"line":14,"column":39}},"8":{"start":{"line":16,"column":8},"end":{"line":19,"column":null}},"9":{"start":{"line":17,"column":24},"end":{"line":17,"column":55}},"10":{"start":{"line":18,"column":12},"end":{"line":18,"column":null}},"11":{"start":{"line":20,"column":8},"end":{"line":20,"column":24}},"12":{"start":{"line":24,"column":24},"end":{"line":24,"column":37}},"13":{"start":{"line":25,"column":30},"end":{"line":25,"column":64}},"14":{"start":{"line":26,"column":26},"end":{"line":26,"column":69}},"15":{"start":{"line":28,"column":8},"end":{"line":28,"column":25}},"16":{"start":{"line":32,"column":29},"end":{"line":32,"column":66}},"17":{"start":{"line":33,"column":30},"end":{"line":33,"column":45}},"18":{"start":{"line":34,"column":23},"end":{"line":34,"column":44}},"19":{"start":{"line":36,"column":8},"end":{"line":40,"column":null}},"20":{"start":{"line":37,"column":36},"end":{"line":39,"column":14}},"21":{"start":{"line":41,"column":8},"end":{"line":41,"column":28}},"22":{"start":{"line":46,"column":24},"end":{"line":46,"column":37}},"23":{"start":{"line":47,"column":28},"end":{"line":47,"column":74}},"24":{"start":{"line":48,"column":8},"end":{"line":48,"column":27}},"25":{"start":{"line":52,"column":24},"end":{"line":52,"column":37}},"26":{"start":{"line":53,"column":22},"end":{"line":53,"column":51}},"27":{"start":{"line":54,"column":23},"end":{"line":54,"column":36}},"28":{"start":{"line":55,"column":23},"end":{"line":55,"column":90}},"29":{"start":{"line":56,"column":23},"end":{"line":56,"column":32}},"30":{"start":{"line":57,"column":18},"end":{"line":57,"column":38}},"31":{"start":{"line":58,"column":25},"end":{"line":58,"column":27}},"32":{"start":{"line":59,"column":8},"end":{"line":63,"column":null}},"33":{"start":{"line":60,"column":12},"end":{"line":62,"column":null}},"34":{"start":{"line":61,"column":16},"end":{"line":61,"column":null}},"35":{"start":{"line":64,"column":27},"end":{"line":64,"column":100}},"36":{"start":{"line":65,"column":28},"end":{"line":65,"column":64}},"37":{"start":{"line":66,"column":8},"end":{"line":66,"column":27}},"38":{"start":{"line":9,"column":6},"end":{"line":68,"column":null}},"39":{"start":{"line":70,"column":0},"end":{"line":70,"column":31}}},"fnMap":{"0":{"name":"(anonymous_9)","decl":{"start":{"line":10,"column":4},"end":{"line":10,"column":24}},"loc":{"start":{"line":10,"column":42},"end":{"line":10,"column":45}}},"1":{"name":"(anonymous_10)","decl":{"start":{"line":12,"column":10},"end":{"line":12,"column":14}},"loc":{"start":{"line":12,"column":14},"end":{"line":21,"column":null}}},"2":{"name":"(anonymous_12)","decl":{"start":{"line":23,"column":10},"end":{"line":23,"column":18}},"loc":{"start":{"line":23,"column":29},"end":{"line":29,"column":null}}},"3":{"name":"(anonymous_14)","decl":{"start":{"line":31,"column":10},"end":{"line":31,"column":16}},"loc":{"start":{"line":31,"column":35},"end":{"line":42,"column":null}}},"4":{"name":"(anonymous_16)","decl":{"start":{"line":45,"column":10},"end":{"line":45,"column":16}},"loc":{"start":{"line":45,"column":43},"end":{"line":49,"column":null}}},"5":{"name":"(anonymous_18)","decl":{"start":{"line":51,"column":10},"end":{"line":51,"column":16}},"loc":{"start":{"line":51,"column":27},"end":{"line":67,"column":null}}}},"branchMap":{"0":{"loc":{"start":{"line":34,"column":23},"end":{"line":34,"column":44}},"type":"cond-expr","locations":[{"start":{"line":34,"column":36},"end":{"line":34,"column":38}},{"start":{"line":34,"column":23},"end":{"line":34,"column":44}}]},"1":{"loc":{"start":{"line":34,"column":23},"end":{"line":34,"column":38}},"type":"binary-expr","locations":[{"start":{"line":34,"column":23},"end":{"line":34,"column":38}},{"start":{"line":34,"column":23},"end":{"line":34,"column":38}}]},"2":{"loc":{"start":{"line":38,"column":38},"end":{"line":38,"column":43}},"type":"cond-expr","locations":[{"start":{"line":38,"column":39},"end":{"line":38,"column":41}},{"start":{"line":38,"column":38},"end":{"line":38,"column":43}}]},"3":{"loc":{"start":{"line":38,"column":38},"end":{"line":38,"column":41}},"type":"binary-expr","locations":[{"start":{"line":38,"column":38},"end":{"line":38,"column":41}},{"start":{"line":38,"column":38},"end":{"line":38,"column":41}}]},"4":{"loc":{"start":{"line":54,"column":23},"end":{"line":54,"column":36}},"type":"cond-expr","locations":[{"start":{"line":54,"column":28},"end":{"line":54,"column":30}},{"start":{"line":54,"column":23},"end":{"line":54,"column":36}}]},"5":{"loc":{"start":{"line":54,"column":23},"end":{"line":54,"column":30}},"type":"binary-expr","locations":[{"start":{"line":54,"column":23},"end":{"line":54,"column":30}},{"start":{"line":54,"column":23},"end":{"line":54,"column":30}}]},"6":{"loc":{"start":{"line":60,"column":12},"end":{"line":62,"column":null}},"type":"if","locations":[{"start":{"line":60,"column":12},"end":{"line":62,"column":null}}]},"7":{"loc":{"start":{"line":60,"column":15},"end":{"line":60,"column":28}},"type":"cond-expr","locations":[{"start":{"line":60,"column":16},"end":{"line":60,"column":18}},{"start":{"line":60,"column":15},"end":{"line":60,"column":28}}]},"8":{"loc":{"start":{"line":60,"column":15},"end":{"line":60,"column":18}},"type":"binary-expr","locations":[{"start":{"line":60,"column":15},"end":{"line":60,"column":18}},{"start":{"line":60,"column":15},"end":{"line":60,"column":18}}]}},"s":{"0":1,"1":1,"2":1,"3":1,"4":1,"5":1,"6":0,"7":0,"8":0,"9":0,"10":0,"11":0,"12":0,"13":0,"14":0,"15":0,"16":0,"17":0,"18":0,"19":0,"20":0,"21":0,"22":0,"23":0,"24":0,"25":0,"26":0,"27":0,"28":0,"29":0,"30":0,"31":0,"32":0,"33":0,"34":0,"35":0,"36":0,"37":0,"38":1,"39":1},"f":{"0":1,"1":0,"2":0,"3":0,"4":0,"5":0},"b":{"0":[0,0],"1":[0,0],"2":[0,0],"3":[0,0],"4":[0,0],"5":[0,0],"6":[0],"7":[0,0],"8":[0,0]}}
,"/Users/alicorrales/Documents/ali/Proyects/All/Tsc_express_nodemon/src/repository/userRepository.ts": {"path":"/Users/alicorrales/Documents/ali/Proyects/All/Tsc_express_nodemon/src/repository/userRepository.ts","statementMap":{"0":{"start":{"line":1,"column":0},"end":{"line":1,"column":44}},"1":{"start":{"line":2,"column":0},"end":{"line":2,"column":43}},"2":{"start":{"line":3,"column":0},"end":{"line":3,"column":49}},"3":{"start":{"line":5,"column":0},"end":{"line":5,"column":40}},"4":{"start":{"line":10,"column":0},"end":{"line":62,"column":null}},"5":{"start":{"line":11,"column":24},"end":{"line":11,"column":33}},"6":{"start":{"line":15,"column":21},"end":{"line":15,"column":43}},"7":{"start":{"line":16,"column":36},"end":{"line":16,"column":38}},"8":{"start":{"line":18,"column":8},"end":{"line":21,"column":null}},"9":{"start":{"line":19,"column":24},"end":{"line":19,"column":54}},"10":{"start":{"line":20,"column":12},"end":{"line":20,"column":null}},"11":{"start":{"line":22,"column":25},"end":{"line":22,"column":72}},"12":{"start":{"line":23,"column":8},"end":{"line":23,"column":24}},"13":{"start":{"line":28,"column":24},"end":{"line":28,"column":37}},"14":{"start":{"line":29,"column":29},"end":{"line":29,"column":62}},"15":{"start":{"line":30,"column":26},"end":{"line":30,"column":67}},"16":{"start":{"line":31,"column":25},"end":{"line":31,"column":68}},"17":{"start":{"line":32,"column":8},"end":{"line":32,"column":25}},"18":{"start":{"line":36,"column":24},"end":{"line":36,"column":37}},"19":{"start":{"line":37,"column":31},"end":{"line":38,"column":117}},"20":{"start":{"line":39,"column":25},"end":{"line":39,"column":81}},"21":{"start":{"line":40,"column":8},"end":{"line":40,"column":30}},"22":{"start":{"line":44,"column":29},"end":{"line":44,"column":65}},"23":{"start":{"line":45,"column":25},"end":{"line":45,"column":69}},"24":{"start":{"line":46,"column":8},"end":{"line":46,"column":28}},"25":{"start":{"line":50,"column":24},"end":{"line":50,"column":37}},"26":{"start":{"line":51,"column":27},"end":{"line":51,"column":72}},"27":{"start":{"line":52,"column":25},"end":{"line":52,"column":67}},"28":{"start":{"line":53,"column":8},"end":{"line":53,"column":26}},"29":{"start":{"line":57,"column":24},"end":{"line":57,"column":37}},"30":{"start":{"line":58,"column":27},"end":{"line":58,"column":62}},"31":{"start":{"line":59,"column":25},"end":{"line":59,"column":69}},"32":{"start":{"line":60,"column":8},"end":{"line":60,"column":26}},"33":{"start":{"line":10,"column":6},"end":{"line":62,"column":null}},"34":{"start":{"line":64,"column":0},"end":{"line":64,"column":30}}},"fnMap":{"0":{"name":"(anonymous_9)","decl":{"start":{"line":11,"column":4},"end":{"line":11,"column":24}},"loc":{"start":{"line":11,"column":40},"end":{"line":11,"column":45}}},"1":{"name":"(anonymous_10)","decl":{"start":{"line":14,"column":10},"end":{"line":14,"column":14}},"loc":{"start":{"line":14,"column":14},"end":{"line":24,"column":null}}},"2":{"name":"(anonymous_12)","decl":{"start":{"line":27,"column":10},"end":{"line":27,"column":18}},"loc":{"start":{"line":27,"column":29},"end":{"line":33,"column":null}}},"3":{"name":"(anonymous_14)","decl":{"start":{"line":35,"column":10},"end":{"line":35,"column":26}},"loc":{"start":{"line":35,"column":37},"end":{"line":41,"column":null}}},"4":{"name":"(anonymous_16)","decl":{"start":{"line":43,"column":10},"end":{"line":43,"column":16}},"loc":{"start":{"line":43,"column":34},"end":{"line":47,"column":null}}},"5":{"name":"(anonymous_18)","decl":{"start":{"line":49,"column":10},"end":{"line":49,"column":16}},"loc":{"start":{"line":49,"column":43},"end":{"line":54,"column":null}}},"6":{"name":"(anonymous_20)","decl":{"start":{"line":56,"column":10},"end":{"line":56,"column":16}},"loc":{"start":{"line":56,"column":27},"end":{"line":61,"column":null}}}},"branchMap":{},"s":{"0":1,"1":1,"2":1,"3":1,"4":1,"5":1,"6":1,"7":1,"8":1,"9":6,"10":6,"11":1,"12":1,"13":2,"14":2,"15":2,"16":2,"17":2,"18":0,"19":0,"20":0,"21":0,"22":1,"23":1,"24":1,"25":0,"26":0,"27":0,"28":0,"29":0,"30":0,"31":0,"32":0,"33":1,"34":1},"f":{"0":1,"1":1,"2":2,"3":0,"4":1,"5":0,"6":0},"b":{}}
,"/Users/alicorrales/Documents/ali/Proyects/All/Tsc_express_nodemon/src/routes/carRoutes.ts": {"path":"/Users/alicorrales/Documents/ali/Proyects/All/Tsc_express_nodemon/src/routes/carRoutes.ts","statementMap":{"0":{"start":{"line":1,"column":0},"end":{"line":1,"column":32}},"1":{"start":{"line":2,"column":0},"end":{"line":2,"column":32}},"2":{"start":{"line":3,"column":0},"end":{"line":3,"column":31}},"3":{"start":{"line":4,"column":0},"end":{"line":4,"column":57}},"4":{"start":{"line":5,"column":0},"end":{"line":5,"column":40}},"5":{"start":{"line":8,"column":4},"end":{"line":8,"column":null}},"6":{"start":{"line":11,"column":26},"end":{"line":11,"column":54}},"7":{"start":{"line":13,"column":4},"end":{"line":15,"column":null}},"8":{"start":{"line":14,"column":21},"end":{"line":14,"column":50}},"9":{"start":{"line":15,"column":8},"end":{"line":15,"column":26}},"10":{"start":{"line":17,"column":4},"end":{"line":21,"column":null}},"11":{"start":{"line":18,"column":24},"end":{"line":18,"column":54}},"12":{"start":{"line":20,"column":19},"end":{"line":20,"column":36}},"13":{"start":{"line":23,"column":4},"end":{"line":25,"column":null}},"14":{"start":{"line":24,"column":22},"end":{"line":24,"column":54}},"15":{"start":{"line":27,"column":4},"end":{"line":30,"column":null}},"16":{"start":{"line":28,"column":23},"end":{"line":28,"column":55}},"17":{"start":{"line":29,"column":8},"end":{"line":29,"column":null}},"18":{"start":{"line":32,"column":4},"end":{"line":36,"column":null}},"19":{"start":{"line":33,"column":26},"end":{"line":33,"column":58}},"20":{"start":{"line":34,"column":8},"end":{"line":34,"column":null}},"21":{"start":{"line":7,"column":0},"end":{"line":7,"column":16}}},"fnMap":{"0":{"name":"carRoutes","decl":{"start":{"line":7,"column":16},"end":{"line":7,"column":25}},"loc":{"start":{"line":7,"column":25},"end":{"line":37,"column":1}}},"1":{"name":"(anonymous_2)","decl":{"start":{"line":13,"column":20},"end":{"line":13,"column":21}},"loc":{"start":{"line":13,"column":32},"end":{"line":15,"column":26}}},"2":{"name":"(anonymous_3)","decl":{"start":{"line":17,"column":24},"end":{"line":17,"column":25}},"loc":{"start":{"line":17,"column":36},"end":{"line":21,"column":5}}},"3":{"name":"(anonymous_4)","decl":{"start":{"line":23,"column":21},"end":{"line":23,"column":22}},"loc":{"start":{"line":23,"column":33},"end":{"line":25,"column":5}}},"4":{"name":"(anonymous_5)","decl":{"start":{"line":27,"column":24},"end":{"line":27,"column":25}},"loc":{"start":{"line":27,"column":36},"end":{"line":30,"column":5}}},"5":{"name":"(anonymous_6)","decl":{"start":{"line":32,"column":27},"end":{"line":32,"column":28}},"loc":{"start":{"line":32,"column":39},"end":{"line":36,"column":5}}}},"branchMap":{},"s":{"0":1,"1":1,"2":1,"3":1,"4":1,"5":1,"6":1,"7":1,"8":0,"9":0,"10":1,"11":0,"12":0,"13":1,"14":0,"15":1,"16":0,"17":0,"18":1,"19":0,"20":0,"21":1},"f":{"0":1,"1":0,"2":0,"3":0,"4":0,"5":0},"b":{}}
,"/Users/alicorrales/Documents/ali/Proyects/All/Tsc_express_nodemon/src/routes/houseRoutes.ts": {"path":"/Users/alicorrales/Documents/ali/Proyects/All/Tsc_express_nodemon/src/routes/houseRoutes.ts","statementMap":{"0":{"start":{"line":1,"column":0},"end":{"line":1,"column":32}},"1":{"start":{"line":2,"column":0},"end":{"line":2,"column":32}},"2":{"start":{"line":3,"column":0},"end":{"line":3,"column":31}},"3":{"start":{"line":4,"column":0},"end":{"line":4,"column":61}},"4":{"start":{"line":7,"column":4},"end":{"line":7,"column":null}},"5":{"start":{"line":10,"column":28},"end":{"line":10,"column":58}},"6":{"start":{"line":12,"column":4},"end":{"line":16,"column":null}},"7":{"start":{"line":13,"column":21},"end":{"line":13,"column":53}},"8":{"start":{"line":14,"column":8},"end":{"line":14,"column":null}},"9":{"start":{"line":15,"column":8},"end":{"line":15,"column":null}},"10":{"start":{"line":18,"column":4},"end":{"line":20,"column":null}},"11":{"start":{"line":19,"column":24},"end":{"line":19,"column":58}},"12":{"start":{"line":22,"column":4},"end":{"line":24,"column":null}},"13":{"start":{"line":23,"column":22},"end":{"line":23,"column":58}},"14":{"start":{"line":26,"column":4},"end":{"line":29,"column":null}},"15":{"start":{"line":27,"column":23},"end":{"line":27,"column":59}},"16":{"start":{"line":28,"column":8},"end":{"line":28,"column":null}},"17":{"start":{"line":31,"column":4},"end":{"line":35,"column":null}},"18":{"start":{"line":32,"column":28},"end":{"line":32,"column":64}},"19":{"start":{"line":33,"column":8},"end":{"line":33,"column":null}},"20":{"start":{"line":6,"column":0},"end":{"line":6,"column":16}}},"fnMap":{"0":{"name":"houseRoutes","decl":{"start":{"line":6,"column":16},"end":{"line":6,"column":27}},"loc":{"start":{"line":6,"column":27},"end":{"line":36,"column":1}}},"1":{"name":"(anonymous_2)","decl":{"start":{"line":12,"column":22},"end":{"line":12,"column":23}},"loc":{"start":{"line":12,"column":34},"end":{"line":16,"column":5}}},"2":{"name":"(anonymous_3)","decl":{"start":{"line":18,"column":26},"end":{"line":18,"column":27}},"loc":{"start":{"line":18,"column":38},"end":{"line":20,"column":5}}},"3":{"name":"(anonymous_4)","decl":{"start":{"line":22,"column":23},"end":{"line":22,"column":24}},"loc":{"start":{"line":22,"column":35},"end":{"line":24,"column":5}}},"4":{"name":"(anonymous_5)","decl":{"start":{"line":26,"column":26},"end":{"line":26,"column":27}},"loc":{"start":{"line":26,"column":38},"end":{"line":29,"column":5}}},"5":{"name":"(anonymous_6)","decl":{"start":{"line":31,"column":29},"end":{"line":31,"column":30}},"loc":{"start":{"line":31,"column":41},"end":{"line":35,"column":5}}}},"branchMap":{},"s":{"0":1,"1":1,"2":1,"3":1,"4":1,"5":1,"6":1,"7":0,"8":0,"9":0,"10":1,"11":0,"12":1,"13":0,"14":1,"15":0,"16":0,"17":1,"18":0,"19":0,"20":1},"f":{"0":1,"1":0,"2":0,"3":0,"4":0,"5":0},"b":{}}
,"/Users/alicorrales/Documents/ali/Proyects/All/Tsc_express_nodemon/src/routes/phoneRoutes.ts": {"path":"/Users/alicorrales/Documents/ali/Proyects/All/Tsc_express_nodemon/src/routes/phoneRoutes.ts","statementMap":{"0":{"start":{"line":1,"column":0},"end":{"line":1,"column":32}},"1":{"start":{"line":2,"column":0},"end":{"line":2,"column":32}},"2":{"start":{"line":3,"column":0},"end":{"line":3,"column":31}},"3":{"start":{"line":4,"column":0},"end":{"line":4,"column":61}},"4":{"start":{"line":7,"column":4},"end":{"line":7,"column":null}},"5":{"start":{"line":10,"column":28},"end":{"line":10,"column":58}},"6":{"start":{"line":12,"column":4},"end":{"line":15,"column":null}},"7":{"start":{"line":13,"column":21},"end":{"line":13,"column":53}},"8":{"start":{"line":14,"column":8},"end":{"line":14,"column":null}},"9":{"start":{"line":17,"column":4},"end":{"line":19,"column":null}},"10":{"start":{"line":18,"column":24},"end":{"line":18,"column":58}},"11":{"start":{"line":21,"column":4},"end":{"line":23,"column":null}},"12":{"start":{"line":22,"column":22},"end":{"line":22,"column":58}},"13":{"start":{"line":25,"column":4},"end":{"line":28,"column":null}},"14":{"start":{"line":26,"column":23},"end":{"line":26,"column":59}},"15":{"start":{"line":27,"column":8},"end":{"line":27,"column":null}},"16":{"start":{"line":30,"column":4},"end":{"line":34,"column":null}},"17":{"start":{"line":31,"column":28},"end":{"line":31,"column":64}},"18":{"start":{"line":32,"column":8},"end":{"line":32,"column":null}},"19":{"start":{"line":6,"column":0},"end":{"line":6,"column":16}}},"fnMap":{"0":{"name":"phoneRoutes","decl":{"start":{"line":6,"column":16},"end":{"line":6,"column":27}},"loc":{"start":{"line":6,"column":27},"end":{"line":35,"column":1}}},"1":{"name":"(anonymous_2)","decl":{"start":{"line":12,"column":22},"end":{"line":12,"column":23}},"loc":{"start":{"line":12,"column":34},"end":{"line":15,"column":5}}},"2":{"name":"(anonymous_3)","decl":{"start":{"line":17,"column":26},"end":{"line":17,"column":27}},"loc":{"start":{"line":17,"column":38},"end":{"line":19,"column":5}}},"3":{"name":"(anonymous_4)","decl":{"start":{"line":21,"column":23},"end":{"line":21,"column":24}},"loc":{"start":{"line":21,"column":35},"end":{"line":23,"column":5}}},"4":{"name":"(anonymous_5)","decl":{"start":{"line":25,"column":26},"end":{"line":25,"column":27}},"loc":{"start":{"line":25,"column":38},"end":{"line":28,"column":5}}},"5":{"name":"(anonymous_6)","decl":{"start":{"line":30,"column":29},"end":{"line":30,"column":30}},"loc":{"start":{"line":30,"column":41},"end":{"line":34,"column":5}}}},"branchMap":{},"s":{"0":1,"1":1,"2":1,"3":1,"4":1,"5":1,"6":1,"7":0,"8":0,"9":1,"10":0,"11":1,"12":0,"13":1,"14":0,"15":0,"16":1,"17":0,"18":0,"19":1},"f":{"0":1,"1":0,"2":0,"3":0,"4":0,"5":0},"b":{}}
,"/Users/alicorrales/Documents/ali/Proyects/All/Tsc_express_nodemon/src/routes/userRoutes.ts": {"path":"/Users/alicorrales/Documents/ali/Proyects/All/Tsc_express_nodemon/src/routes/userRoutes.ts","statementMap":{"0":{"start":{"line":1,"column":0},"end":{"line":1,"column":32}},"1":{"start":{"line":2,"column":0},"end":{"line":2,"column":32}},"2":{"start":{"line":3,"column":0},"end":{"line":3,"column":31}},"3":{"start":{"line":4,"column":0},"end":{"line":4,"column":59}},"4":{"start":{"line":5,"column":0},"end":{"line":5,"column":40}},"5":{"start":{"line":8,"column":4},"end":{"line":8,"column":null}},"6":{"start":{"line":10,"column":27},"end":{"line":10,"column":56}},"7":{"start":{"line":12,"column":4},"end":{"line":16,"column":null}},"8":{"start":{"line":13,"column":21},"end":{"line":13,"column":52}},"9":{"start":{"line":14,"column":25},"end":{"line":14,"column":67}},"10":{"start":{"line":15,"column":8},"end":{"line":15,"column":null}},"11":{"start":{"line":18,"column":4},"end":{"line":22,"column":null}},"12":{"start":{"line":19,"column":29},"end":{"line":19,"column":68}},"13":{"start":{"line":20,"column":25},"end":{"line":20,"column":76}},"14":{"start":{"line":21,"column":8},"end":{"line":21,"column":null}},"15":{"start":{"line":24,"column":4},"end":{"line":27,"column":null}},"16":{"start":{"line":25,"column":24},"end":{"line":25,"column":56}},"17":{"start":{"line":26,"column":25},"end":{"line":26,"column":63}},"18":{"start":{"line":29,"column":4},"end":{"line":32,"column":null}},"19":{"start":{"line":30,"column":22},"end":{"line":30,"column":57}},"20":{"start":{"line":31,"column":24},"end":{"line":31,"column":63}},"21":{"start":{"line":34,"column":4},"end":{"line":38,"column":null}},"22":{"start":{"line":35,"column":23},"end":{"line":35,"column":57}},"23":{"start":{"line":36,"column":24},"end":{"line":36,"column":61}},"24":{"start":{"line":37,"column":8},"end":{"line":37,"column":null}},"25":{"start":{"line":40,"column":4},"end":{"line":44,"column":null}},"26":{"start":{"line":41,"column":27},"end":{"line":41,"column":61}},"27":{"start":{"line":42,"column":25},"end":{"line":42,"column":64}},"28":{"start":{"line":43,"column":10},"end":{"line":43,"column":null}},"29":{"start":{"line":7,"column":0},"end":{"line":7,"column":16}}},"fnMap":{"0":{"name":"userRoutes","decl":{"start":{"line":7,"column":16},"end":{"line":7,"column":26}},"loc":{"start":{"line":7,"column":26},"end":{"line":49,"column":1}}},"1":{"name":"(anonymous_2)","decl":{"start":{"line":12,"column":21},"end":{"line":12,"column":22}},"loc":{"start":{"line":12,"column":33},"end":{"line":16,"column":5}}},"2":{"name":"(anonymous_3)","decl":{"start":{"line":18,"column":32},"end":{"line":18,"column":33}},"loc":{"start":{"line":18,"column":44},"end":{"line":22,"column":5}}},"3":{"name":"(anonymous_4)","decl":{"start":{"line":24,"column":25},"end":{"line":24,"column":26}},"loc":{"start":{"line":24,"column":37},"end":{"line":27,"column":5}}},"4":{"name":"(anonymous_5)","decl":{"start":{"line":29,"column":22},"end":{"line":29,"column":23}},"loc":{"start":{"line":29,"column":34},"end":{"line":32,"column":5}}},"5":{"name":"(anonymous_6)","decl":{"start":{"line":34,"column":25},"end":{"line":34,"column":26}},"loc":{"start":{"line":34,"column":37},"end":{"line":38,"column":5}}},"6":{"name":"(anonymous_7)","decl":{"start":{"line":40,"column":28},"end":{"line":40,"column":29}},"loc":{"start":{"line":40,"column":40},"end":{"line":44,"column":9}}}},"branchMap":{},"s":{"0":1,"1":1,"2":1,"3":1,"4":1,"5":1,"6":1,"7":1,"8":1,"9":1,"10":1,"11":1,"12":0,"13":0,"14":0,"15":1,"16":2,"17":2,"18":1,"19":1,"20":1,"21":1,"22":0,"23":0,"24":0,"25":1,"26":0,"27":0,"28":0,"29":1},"f":{"0":1,"1":1,"2":0,"3":2,"4":1,"5":0,"6":0},"b":{}}
,"/Users/alicorrales/Documents/ali/Proyects/All/Tsc_express_nodemon/src/services/carService.ts": {"path":"/Users/alicorrales/Documents/ali/Proyects/All/Tsc_express_nodemon/src/services/carService.ts","statementMap":{"0":{"start":{"line":1,"column":0},"end":{"line":1,"column":33}},"1":{"start":{"line":3,"column":0},"end":{"line":3,"column":56}},"2":{"start":{"line":4,"column":0},"end":{"line":4,"column":47}},"3":{"start":{"line":8,"column":0},"end":{"line":38,"column":null}},"4":{"start":{"line":10,"column":33},"end":{"line":10,"column":48}},"5":{"start":{"line":11,"column":16},"end":{"line":11,"column":24}},"6":{"start":{"line":16,"column":32},"end":{"line":16,"column":57}},"7":{"start":{"line":17,"column":8},"end":{"line":17,"column":31}},"8":{"start":{"line":22,"column":29},"end":{"line":22,"column":60}},"9":{"start":{"line":23,"column":8},"end":{"line":23,"column":28}},"10":{"start":{"line":27,"column":23},"end":{"line":27,"column":60}},"11":{"start":{"line":28,"column":29},"end":{"line":28,"column":62}},"12":{"start":{"line":32,"column":29},"end":{"line":32,"column":67}},"13":{"start":{"line":36,"column":29},"end":{"line":36,"column":58}},"14":{"start":{"line":8,"column":6},"end":{"line":38,"column":null}},"15":{"start":{"line":40,"column":0},"end":{"line":40,"column":26}}},"fnMap":{"0":{"name":"(anonymous_10)","decl":{"start":{"line":10,"column":4},"end":{"line":10,"column":33}},"loc":{"start":{"line":11,"column":30},"end":{"line":11,"column":33}}},"1":{"name":"(anonymous_11)","decl":{"start":{"line":15,"column":10},"end":{"line":15,"column":19}},"loc":{"start":{"line":15,"column":19},"end":{"line":18,"column":null}}},"2":{"name":"(anonymous_13)","decl":{"start":{"line":20,"column":10},"end":{"line":20,"column":16}},"loc":{"start":{"line":20,"column":26},"end":{"line":24,"column":null}}},"3":{"name":"(anonymous_15)","decl":{"start":{"line":26,"column":10},"end":{"line":26,"column":20}},"loc":{"start":{"line":26,"column":37},"end":{"line":29,"column":null}}},"4":{"name":"(anonymous_17)","decl":{"start":{"line":31,"column":10},"end":{"line":31,"column":19}},"loc":{"start":{"line":31,"column":44},"end":{"line":33,"column":null}}},"5":{"name":"(anonymous_19)","decl":{"start":{"line":35,"column":10},"end":{"line":35,"column":19}},"loc":{"start":{"line":35,"column":29},"end":{"line":37,"column":null}}}},"branchMap":{},"s":{"0":1,"1":1,"2":1,"3":1,"4":1,"5":1,"6":0,"7":0,"8":0,"9":0,"10":0,"11":0,"12":0,"13":0,"14":1,"15":1},"f":{"0":1,"1":0,"2":0,"3":0,"4":0,"5":0},"b":{}}
,"/Users/alicorrales/Documents/ali/Proyects/All/Tsc_express_nodemon/src/services/houseService.ts": {"path":"/Users/alicorrales/Documents/ali/Proyects/All/Tsc_express_nodemon/src/services/houseService.ts","statementMap":{"0":{"start":{"line":1,"column":0},"end":{"line":1,"column":33}},"1":{"start":{"line":3,"column":0},"end":{"line":3,"column":60}},"2":{"start":{"line":4,"column":0},"end":{"line":4,"column":51}},"3":{"start":{"line":7,"column":0},"end":{"line":34,"column":null}},"4":{"start":{"line":9,"column":33},"end":{"line":9,"column":50}},"5":{"start":{"line":10,"column":16},"end":{"line":10,"column":26}},"6":{"start":{"line":13,"column":34},"end":{"line":13,"column":61}},"7":{"start":{"line":14,"column":8},"end":{"line":14,"column":33}},"8":{"start":{"line":18,"column":31},"end":{"line":18,"column":64}},"9":{"start":{"line":19,"column":8},"end":{"line":19,"column":30}},"10":{"start":{"line":23,"column":23},"end":{"line":23,"column":62}},"11":{"start":{"line":24,"column":29},"end":{"line":24,"column":64}},"12":{"start":{"line":28,"column":29},"end":{"line":28,"column":69}},"13":{"start":{"line":32,"column":29},"end":{"line":32,"column":60}},"14":{"start":{"line":7,"column":6},"end":{"line":34,"column":null}},"15":{"start":{"line":36,"column":0},"end":{"line":36,"column":28}}},"fnMap":{"0":{"name":"(anonymous_10)","decl":{"start":{"line":9,"column":4},"end":{"line":9,"column":33}},"loc":{"start":{"line":10,"column":34},"end":{"line":10,"column":37}}},"1":{"name":"(anonymous_11)","decl":{"start":{"line":12,"column":10},"end":{"line":12,"column":21}},"loc":{"start":{"line":12,"column":21},"end":{"line":15,"column":null}}},"2":{"name":"(anonymous_13)","decl":{"start":{"line":17,"column":10},"end":{"line":17,"column":19}},"loc":{"start":{"line":17,"column":29},"end":{"line":20,"column":null}}},"3":{"name":"(anonymous_15)","decl":{"start":{"line":22,"column":10},"end":{"line":22,"column":21}},"loc":{"start":{"line":22,"column":40},"end":{"line":25,"column":null}}},"4":{"name":"(anonymous_17)","decl":{"start":{"line":27,"column":10},"end":{"line":27,"column":21}},"loc":{"start":{"line":27,"column":46},"end":{"line":29,"column":null}}},"5":{"name":"(anonymous_19)","decl":{"start":{"line":31,"column":10},"end":{"line":31,"column":21}},"loc":{"start":{"line":31,"column":31},"end":{"line":33,"column":null}}}},"branchMap":{},"s":{"0":1,"1":1,"2":1,"3":1,"4":1,"5":1,"6":0,"7":0,"8":0,"9":0,"10":0,"11":0,"12":0,"13":0,"14":1,"15":1},"f":{"0":1,"1":0,"2":0,"3":0,"4":0,"5":0},"b":{}}
,"/Users/alicorrales/Documents/ali/Proyects/All/Tsc_express_nodemon/src/services/phoneService.ts": {"path":"/Users/alicorrales/Documents/ali/Proyects/All/Tsc_express_nodemon/src/services/phoneService.ts","statementMap":{"0":{"start":{"line":1,"column":0},"end":{"line":1,"column":33}},"1":{"start":{"line":3,"column":0},"end":{"line":3,"column":60}},"2":{"start":{"line":4,"column":0},"end":{"line":4,"column":51}},"3":{"start":{"line":7,"column":0},"end":{"line":34,"column":null}},"4":{"start":{"line":9,"column":33},"end":{"line":9,"column":50}},"5":{"start":{"line":10,"column":16},"end":{"line":10,"column":26}},"6":{"start":{"line":13,"column":32},"end":{"line":13,"column":59}},"7":{"start":{"line":14,"column":8},"end":{"line":14,"column":31}},"8":{"start":{"line":18,"column":31},"end":{"line":18,"column":64}},"9":{"start":{"line":19,"column":8},"end":{"line":19,"column":31}},"10":{"start":{"line":23,"column":23},"end":{"line":23,"column":62}},"11":{"start":{"line":24,"column":29},"end":{"line":24,"column":64}},"12":{"start":{"line":28,"column":29},"end":{"line":28,"column":69}},"13":{"start":{"line":32,"column":29},"end":{"line":32,"column":60}},"14":{"start":{"line":7,"column":6},"end":{"line":34,"column":null}},"15":{"start":{"line":36,"column":0},"end":{"line":36,"column":28}}},"fnMap":{"0":{"name":"(anonymous_10)","decl":{"start":{"line":9,"column":4},"end":{"line":9,"column":33}},"loc":{"start":{"line":10,"column":34},"end":{"line":10,"column":37}}},"1":{"name":"(anonymous_11)","decl":{"start":{"line":12,"column":10},"end":{"line":12,"column":21}},"loc":{"start":{"line":12,"column":21},"end":{"line":15,"column":null}}},"2":{"name":"(anonymous_13)","decl":{"start":{"line":17,"column":10},"end":{"line":17,"column":18}},"loc":{"start":{"line":17,"column":28},"end":{"line":20,"column":null}}},"3":{"name":"(anonymous_15)","decl":{"start":{"line":22,"column":10},"end":{"line":22,"column":21}},"loc":{"start":{"line":22,"column":40},"end":{"line":25,"column":null}}},"4":{"name":"(anonymous_17)","decl":{"start":{"line":27,"column":10},"end":{"line":27,"column":21}},"loc":{"start":{"line":27,"column":46},"end":{"line":29,"column":null}}},"5":{"name":"(anonymous_19)","decl":{"start":{"line":31,"column":10},"end":{"line":31,"column":21}},"loc":{"start":{"line":31,"column":31},"end":{"line":33,"column":null}}}},"branchMap":{},"s":{"0":1,"1":1,"2":1,"3":1,"4":1,"5":1,"6":0,"7":0,"8":0,"9":0,"10":0,"11":0,"12":0,"13":0,"14":1,"15":1},"f":{"0":1,"1":0,"2":0,"3":0,"4":0,"5":0},"b":{}}
[...]
"2":{"loc":{"start":{"line":11,"column":22},"end":{"line":11,"column":33}},"type":"cond-expr","locations":[{"start":{"line":11,"column":23},"end":{"line":11,"column":25}},{"start":{"line":11,"column":22},"end":{"line":11,"column":33}}]},"3":{"loc":{"start":{"line":11,"column":22},"end":{"line":11,"column":25}},"type":"binary-expr","locations":[{"start":{"line":11,"column":22},"end":{"line":11,"column":25}},{"start":{"line":11,"column":22},"end":{"line":11,"column":25}}]},"4":{"loc":{"start":{"line":12,"column":17},"end":{"line":12,"column":23}},"type":"cond-expr","locations":[{"start":{"line":12,"column":18},"end":{"line":12,"column":20}},{"start":{"line":12,"column":17},"end":{"line":12,"column":23}}]},"5":{"loc":{"start":{"line":12,"column":17},"end":{"line":12,"column":20}},"type":"binary-expr","locations":[{"start":{"line":12,"column":17},"end":{"line":12,"column":20}},{"start":{"line":12,"column":17},"end":{"line":12,"column":20}}]},"6":{"loc":{"start":{"line":13,"column":24},"end":{"line":13,"column":37}},"type":"cond-expr","locations":[{"start":{"line":13,"column":25},"end":{"line":13,"column":27}},{"start":{"line":13,"column":24},"end":{"line":13,"column":37}}]},"7":{"loc":{"start":{"line":13,"column":24},"end":{"line":13,"column":27}},"type":"binary-expr","locations":[{"start":{"line":13,"column":24},"end":{"line":13,"column":27}},{"start":{"line":13,"column":24},"end":{"line":13,"column":27}}]},"8":{"loc":{"start":{"line":14,"column":19},"end":{"line":14,"column":27}},"type":"cond-expr","locations":[{"start":{"line":14,"column":20},"end":{"line":14,"column":22}},{"start":{"line":14,"column":19},"end":{"line":14,"column":27}}]},"9":{"loc":{"start":{"line":14,"column":19},"end":{"line":14,"column":22}},"type":"binary-expr","locations":[{"start":{"line":14,"column":19},"end":{"line":14,"column":22}},{"start":{"line":14,"column":19},"end":{"line":14,"column":22}}]},"10":{"loc":{"start":{"line":15,"column":19},"end":{"line":15,"column":27}},"type":"cond-expr","locations":[{"start":{"line":15,"column":20},"end":{"line":15,"column":22}},{"start":{"line":15,"column":19},"end":{"line":15,"column":27}}]},"11":{"loc":{"start":{"line":15,"column":19},"end":{"line":15,"column":22}},"type":"binary-expr","locations":[{"start":{"line":15,"column":19},"end":{"line":15,"column":22}},{"start":{"line":15,"column":19},"end":{"line":15,"column":22}}]},"12":{"loc":{"start":{"line":16,"column":18},"end":{"line":16,"column":25}},"type":"cond-expr","locations":[{"start":{"line":16,"column":19},"end":{"line":16,"column":21}},{"start":{"line":16,"column":18},"end":{"line":16,"column":25}}]},"13":{"loc":{"start":{"line":16,"column":18},"end":{"line":16,"column":21}},"type":"binary-expr","locations":[{"start":{"line":16,"column":18},"end":{"line":16,"column":21}},{"start":{"line":16,"column":18},"end":{"line":16,"column":21}}]},"14":{"loc":{"start":{"line":17,"column":19},"end":{"line":17,"column":27}},"type":"cond-expr","locations":[{"start":{"line":17,"column":20},"end":{"line":17,"column":22}},{"start":{"line":17,"column":19},"end":{"line":17,"column":27}}]},"15":{"loc":{"start":{"line":17,"column":19},"end":{"line":17,"column":22}},"type":"binary-expr","locations":[{"start":{"line":17,"column":19},"end":{"line":17,"column":22}},{"start":{"line":17,"column":19},"end":{"line":17,"column":22}}]},"16":{"loc":{"start":{"line":18,"column":20},"end":{"line":18,"column":29}},"type":"cond-expr","locations":[{"start":{"line":18,"column":21},"end":{"line":18,"column":23}},{"start":{"line":18,"column":20},"end":{"line":18,"column":29}}]},"17":{"loc":{"start":{"line":18,"column":20},"end":{"line":18,"column":23}},"type":"binary-expr","locations":[{"start":{"line":18,"column":20},"end":{"line":18,"column":23}},{"start":{"line":18,"column":20},"end":{"line":18,"column":23}}]},"18":{"loc":{"start":{"line":27,"column":19},"end":{"line":27,"column":27}},"type":"cond-expr","locations":[{"start":{"line":27,"column":20},"end":{"line":27,"column":22}},{"start":{"line":27,"column":19},"end":{"line":27,"column":27}}]},"19":{"loc":{"start":{"line":27,"column":19},"end":{"line":27,"column":22}},"type":"binary-expr","locations":[{"start":{"line":27,"column":19},"end":{"line":27,"column":22}},{"start":{"line":27,"column":19},"end":{"line":27,"column":22}}]},"20":{"loc":{"start":{"line":28,"column":22},"end":{"line":28,"column":33}},"type":"cond-expr","locations":[{"start":{"line":28,"column":23},"end":{"line":28,"column":25}},{"start":{"line":28,"column":22},"end":{"line":28,"column":33}}]},"21":{"loc":{"start":{"line":28,"column":22},"end":{"line":28,"column":25}},"type":"binary-expr","locations":[{"start":{"line":28,"column":22},"end":{"line":28,"column":25}},{"start":{"line":28,"column":22},"end":{"line":28,"column":25}}]},"22":{"loc":{"start":{"line":29,"column":17},"end":{"line":29,"column":23}},"type":"cond-expr","locations":[{"start":{"line":29,"column":18},"end":{"line":29,"column":20}},{"start":{"line":29,"column":17},"end":{"line":29,"column":23}}]},"23":{"loc":{"start":{"line":29,"column":17},"end":{"line":29,"column":20}},"type":"binary-expr","locations":[{"start":{"line":29,"column":17},"end":{"line":29,"column":20}},{"start":{"line":29,"column":17},"end":{"line":29,"column":20}}]},"24":{"loc":{"start":{"line":30,"column":24},"end":{"line":30,"column":37}},"type":"cond-expr","locations":[{"start":{"line":30,"column":25},"end":{"line":30,"column":27}},{"start":{"line":30,"column":24},"end":{"line":30,"column":37}}]},"25":{"loc":{"start":{"line":30,"column":24},"end":{"line":30,"column":27}},"type":"binary-expr","locations":[{"start":{"line":30,"column":24},"end":{"line":30,"column":27}},{"start":{"line":30,"column":24},"end":{"line":30,"column":27}}]},"26":{"loc":{"start":{"line":31,"column":19},"end":{"line":31,"column":27}},"type":"cond-expr","locations":[{"start":{"line":31,"column":20},"end":{"line":31,"column":22}},{"start":{"line":31,"column":19},"end":{"line":31,"column":27}}]},"27":{"loc":{"start":{"line":31,"column":19},"end":{"line":31,"column":22}},"type":"binary-expr","locations":[{"start":{"line":31,"column":19},"end":{"line":31,"column":22}},{"start":{"line":31,"column":19},"end":{"line":31,"column":22}}]},"28":{"loc":{"start":{"line":32,"column":19},"end":{"line":32,"column":27}},"type":"cond-expr","locations":[{"start":{"line":32,"column":20},"end":{"line":32,"column":22}},{"start":{"line":32,"column":19},"end":{"line":32,"column":27}}]},"29":{"loc":{"start":{"line":32,"column":19},"end":{"line":32,"column":22}},"type":"binary-expr","locations":[{"start":{"line":32,"column":19},"end":{"line":32,"column":22}},{"start":{"line":32,"column":19},"end":{"line":32,"column":22}}]},"30":{"loc":{"start":{"line":33,"column":18},"end":{"line":33,"column":25}},"type":"cond-expr","locations":[{"start":{"line":33,"column":19},"end":{"line":33,"column":21}},{"start":{"line":33,"column":18},"end":{"line":33,"column":25}}]},"31":{"loc":{"start":{"line":33,"column":18},"end":{"line":33,"column":21}},"type":"binary-expr","locations":[{"start":{"line":33,"column":18},"end":{"line":33,"column":21}},{"start":{"line":33,"column":18},"end":{"line":33,"column":21}}]},"32":{"loc":{"start":{"line":34,"column":19},"end":{"line":34,"column":27}},"type":"cond-expr","locations":[{"start":{"line":34,"column":20},"end":{"line":34,"column":22}},{"start":{"line":34,"column":19},"end":{"line":34,"column":27}}]},"33":{"loc":{"start":{"line":34,"column":19},"end":{"line":34,"column":22}},"type":"binary-expr","locations":[{"start":{"line":34,"column":19},"end":{"line":34,"column":22}},{"start":{"line":34,"column":19},"end":{"line":34,"column":22}}]},"34":{"loc":{"start":{"line":35,"column":20},"end":{"line":35,"column":29}},"type":"cond-expr","locations":[{"start":{"line":35,"column":21},"end":{"line":35,"column":23}},{"start":{"line":35,"column":20},"end":{"line":35,"column":29}}]},"35":{"loc":{"start":{"line":35,"column":20},"end":{"line":35,"column":23}},"type":"binary-expr","locations":[{"start":{"line":35,"column":20},"end":{"line":35,"column":23}},{"start":{"line":35,"column":20},"end":{"line":35,"column":23}}]}},"s":{"0":1,"1":1,"2":1,"3":0,"4":0,"5":0,"6":0,"7":0,"8":0,"9":1,"10":1},"f":{"0":0,"1":0},"b":{"0":[0,0],"1":[0,0],"2":[0,0],"3":[0,0],"4":[0,0],"5":[0,0],"6":[0,0],"7":[0,0],"8":[0,0],"9":[0,0],"10":[0,0],"11":[0,0],"12":[0,0],"13":[0,0],"14":[0,0],"15":[0,0],"16":[0,0],"17":[0,0],"18":[0,0],"19":[0,0],"20":[0,0],"21":[0,0],"22":[0,0],"23":[0,0],"24":[0,0],"25":[0,0],"26":[0,0],"27":[0,0],"28":[0,0],"29":[0,0],"30":[0,0],"31":[0,0],"32":[0,0],"33":[0,0],"34":[0,0],"35":[0,0]}}
,"/Users/alicorrales/Documents/ali/Proyects/All/Tsc_express_nodemon/src/util/mapper/userMap.ts": {"path":"/Users/alicorrales/Documents/ali/Proyects/All/Tsc_express_nodemon/src/util/mapper/userMap.ts","statementMap":{"0":{"start":{"line":1,"column":0},"end":{"line":1,"column":33}},"1":{"start":{"line":2,"column":0},"end":{"line":2,"column":44}},"2":{"start":{"line":6,"column":0},"end":{"line":42,"column":null}},"3":{"start":{"line":9,"column":23},"end":{"line":19,"column":null}},"4":{"start":{"line":22,"column":26},"end":{"line":22,"column":45}},"5":{"start":{"line":23,"column":9},"end":{"line":23,"column":26}},"6":{"start":{"line":27,"column":23},"end":{"line":38,"column":null}},"7":{"start":{"line":39,"column":22},"end":{"line":39,"column":41}},"8":{"start":{"line":40,"column":8},"end":{"line":40,"column":21}},"9":{"start":{"line":6,"column":13},"end":{"line":42,"column":null}},"10":{"start":{"line":6,"column":13},"end":{"line":6,"column":20}}},"fnMap":{"0":{"name":"(anonymous_1)","decl":{"start":{"line":8,"column":4},"end":{"line":8,"column":18}},"loc":{"start":{"line":8,"column":30},"end":{"line":24,"column":5}}},"1":{"name":"(anonymous_2)","decl":{"start":{"line":26,"column":4},"end":{"line":26,"column":16}},"loc":{"start":{"line":26,"column":26},"end":{"line":41,"column":5}}}},"branchMap":{"0":{"loc":{"start":{"line":10,"column":18},"end":{"line":10,"column":25}},"type":"cond-expr","locations":[{"start":{"line":10,"column":19},"end":{"line":10,"column":21}},{"start":{"line":10,"column":18},"end":{"line":10,"column":25}}]},"1":{"loc":{"start":{"line":10,"column":18},"end":{"line":10,"column":21}},"type":"binary-expr","locations":[{"start":{"line":10,"column":18},"end":{"line":10,"column":21}},{"start":{"line":10,"column":18},"end":{"line":10,"column":21}}]},"2":{"loc":{"start":{"line":11,"column":17},"end":{"line":11,"column":23}},"type":"cond-expr","locations":[{"start":{"line":11,"column":18},"end":{"line":11,"column":20}},{"start":{"line":11,"column":17},"end":{"line":11,"column":23}}]},"3":{"loc":{"start":{"line":11,"column":17},"end":{"line":11,"column":20}},"type":"binary-expr","locations":[{"start":{"line":11,"column":17},"end":{"line":11,"column":20}},{"start":{"line":11,"column":17},"end":{"line":11,"column":20}}]},"4":{"loc":{"start":{"line":12,"column":19},"end":{"line":12,"column":27}},"type":"cond-expr","locations":[{"start":{"line":12,"column":20},"end":{"line":12,"column":22}},{"start":{"line":12,"column":19},"end":{"line":12,"column":27}}]},"5":{"loc":{"start":{"line":12,"column":19},"end":{"line":12,"column":22}},"type":"binary-expr","locations":[{"start":{"line":12,"column":19},"end":{"line":12,"column":22}},{"start":{"line":12,"column":19},"end":{"line":12,"column":22}}]},"6":{"loc":{"start":{"line":13,"column":19},"end":{"line":13,"column":27}},"type":"cond-expr","locations":[{"start":{"line":13,"column":20},"end":{"line":13,"column":22}},{"start":{"line":13,"column":19},"end":{"line":13,"column":27}}]},"7":{"loc":{"start":{"line":13,"column":19},"end":{"line":13,"column":22}},"type":"binary-expr","locations":[{"start":{"line":13,"column":19},"end":{"line":13,"column":22}},{"start":{"line":13,"column":19},"end":{"line":13,"column":22}}]},"8":{"loc":{"start":{"line":14,"column":20},"end":{"line":14,"column":29}},"type":"cond-expr","locations":[{"start":{"line":14,"column":21},"end":{"line":14,"column":23}},{"start":{"line":14,"column":20},"end":{"line":14,"column":29}}]},"9":{"loc":{"start":{"line":14,"column":20},"end":{"line":14,"column":23}},"type":"binary-expr","locations":[{"start":{"line":14,"column":20},"end":{"line":14,"column":23}},{"start":{"line":14,"column":20},"end":{"line":14,"column":23}}]},"10":{"loc":{"start":{"line":15,"column":22},"end":{"line":15,"column":33}},"type":"cond-expr","locations":[{"start":{"line":15,"column":23},"end":{"line":15,"column":25}},{"start":{"line":15,"column":22},"end":{"line":15,"column":33}}]},"11":{"loc":{"start":{"line":15,"column":22},"end":{"line":15,"column":25}},"type":"binary-expr","locations":[{"start":{"line":15,"column":22},"end":{"line":15,"column":25}},{"start":{"line":15,"column":22},"end":{"line":15,"column":25}}]},"12":{"loc":{"start":{"line":16,"column":22},"end":{"line":16,"column":33}},"type":"cond-expr","locations":[{"start":{"line":16,"column":23},"end":{"line":16,"column":25}},{"start":{"line":16,"column":22},"end":{"line":16,"column":33}}]},"13":{"loc":{"start":{"line":16,"column":22},"end":{"line":16,"column":25}},"type":"binary-expr","locations":[{"start":{"line":16,"column":22},"end":{"line":16,"column":25}},{"start":{"line":16,"column":22},"end":{"line":16,"column":25}}]},"14":{"loc":{"start":{"line":17,"column":25},"end":{"line":17,"column":39}},"type":"cond-expr","locations":[{"start":{"line":17,"column":26},"end":{"line":17,"column":28}},{"start":{"line":17,"column":25},"end":{"line":17,"column":39}}]},"15":{"loc":{"start":{"line":17,"column":25},"end":{"line":17,"column":28}},"type":"binary-expr","locations":[{"start":{"line":17,"column":25},"end":{"line":17,"column":28}},{"start":{"line":17,"column":25},"end":{"line":17,"column":28}}]},"16":{"loc":{"start":{"line":18,"column":27},"end":{"line":18,"column":43}},"type":"cond-expr","locations":[{"start":{"line":18,"column":28},"end":{"line":18,"column":30}},{"start":{"line":18,"column":27},"end":{"line":18,"column":43}}]},"17":{"loc":{"start":{"line":18,"column":27},"end":{"line":18,"column":30}},"type":"binary-expr","locations":[{"start":{"line":18,"column":27},"end":{"line":18,"column":30}},{"start":{"line":18,"column":27},"end":{"line":18,"column":30}}]},"18":{"loc":{"start":{"line":19,"column":27},"end":{"line":19,"column":43}},"type":"cond-expr","locations":[{"start":{"line":19,"column":28},"end":{"line":19,"column":30}},{"start":{"line":19,"column":27},"end":{"line":19,"column":43}}]},"19":{"loc":{"start":{"line":19,"column":27},"end":{"line":19,"column":30}},"type":"binary-expr","locations":[{"start":{"line":19,"column":27},"end":{"line":19,"column":30}},{"start":{"line":19,"column":27},"end":{"line":19,"column":30}}]},"20":{"loc":{"start":{"line":28,"column":18},"end":{"line":28,"column":25}},"type":"cond-expr","locations":[{"start":{"line":28,"column":19},"end":{"line":28,"column":21}},{"start":{"line":28,"column":18},"end":{"line":28,"column":25}}]},"21":{"loc":{"start":{"line":28,"column":18},"end":{"line":28,"column":21}},"type":"binary-expr","locations":[{"start":{"line":28,"column":18},"end":{"line":28,"column":21}},{"start":{"line":28,"column":18},"end":{"line":28,"column":21}}]},"22":{"loc":{"start":{"line":29,"column":17},"end":{"line":29,"column":23}},"type":"cond-expr","locations":[{"start":{"line":29,"column":18},"end":{"line":29,"column":20}},{"start":{"line":29,"column":17},"end":{"line":29,"column":23}}]},"23":{"loc":{"start":{"line":29,"column":17},"end":{"line":29,"column":20}},"type":"binary-expr","locations":[{"start":{"line":29,"column":17},"end":{"line":29,"column":20}},{"start":{"line":29,"column":17},"end":{"line":29,"column":20}}]},"24":{"loc":{"start":{"line":30,"column":19},"end":{"line":30,"column":27}},"type":"cond-expr","locations":[{"start":{"line":30,"column":20},"end":{"line":30,"column":22}},{"start":{"line":30,"column":19},"end":{"line":30,"column":27}}]},"25":{"loc":{"start":{"line":30,"column":19},"end":{"line":30,"column":22}},"type":"binary-expr","locations":[{"start":{"line":30,"column":19},"end":{"line":30,"column":22}},{"start":{"line":30,"column":19},"end":{"line":30,"column":22}}]},"26":{"loc":{"start":{"line":31,"column":19},"end":{"line":31,"column":27}},"type":"cond-expr","locations":[{"start":{"line":31,"column":20},"end":{"line":31,"column":22}},{"start":{"line":31,"column":19},"end":{"line":31,"column":27}}]},"27":{"loc":{"start":{"line":31,"column":19},"end":{"line":31,"column":22}},"type":"binary-expr","locations":[{"start":{"line":31,"column":19},"end":{"line":31,"column":22}},{"start":{"line":31,"column":19},"end":{"line":31,"column":22}}]},"28":{"loc":{"start":{"line":32,"column":20},"end":{"line":32,"column":29}},"type":"cond-expr","locations":[{"start":{"line":32,"column":21},"end":{"line":32,"column":23}},{"start":{"line":32,"column":20},"end":{"line":32,"column":29}}]},"29":{"loc":{"start":{"line":32,"column":20},"end":{"line":32,"column":23}},"type":"binary-expr","locations":[{"start":{"line":32,"column":20},"end":{"line":32,"column":23}},{"start":{"line":32,"column":20},"end":{"line":32,"column":23}}]},"30":{"loc":{"start":{"line":33,"column":22},"end":{"line":33,"column":33}},"type":"cond-expr","locations":[{"start":{"line":33,"column":23},"end":{"line":33,"column":25}},{"start":{"line":33,"column":22},"end":{"line":33,"column":33}}]},"31":{"loc":{"start":{"line":33,"column":22},"end":{"line":33,"column":25}},"type":"binary-expr","locations":[{"start":{"line":33,"column":22},"end":{"line":33,"column":25}},{"start":{"line":33,"column":22},"end":{"line":33,"column":25}}]},"32":{"loc":{"start":{"line":34,"column":22},"end":{"line":34,"column":33}},"type":"cond-expr","locations":[{"start":{"line":34,"column":23},"end":{"line":34,"column":25}},{"start":{"line":34,"column":22},"end":{"line":34,"column":33}}]},"33":{"loc":{"start":{"line":34,"column":22},"end":{"line":34,"column":25}},"type":"binary-expr","locations":[{"start":{"line":34,"column":22},"end":{"line":34,"column":25}},{"start":{"line":34,"column":22},"end":{"line":34,"column":25}}]},"34":{"loc":{"start":{"line":35,"column":25},"end":{"line":35,"column":39}},"type":"cond-expr","locations":[{"start":{"line":35,"column":26},"end":{"line":35,"column":28}},{"start":{"line":35,"column":25},"end":{"line":35,"column":39}}]},"35":{"loc":{"start":{"line":35,"column":25},"end":{"line":35,"column":28}},"type":"binary-expr","locations":[{"start":{"line":35,"column":25},"end":{"line":35,"column":28}},{"start":{"line":35,"column":25},"end":{"line":35,"column":28}}]},"36":{"loc":{"start":{"line":36,"column":27},"end":{"line":36,"column":43}},"type":"cond-expr","locations":[{"start":{"line":36,"column":28},"end":{"line":36,"column":30}},{"start":{"line":36,"column":27},"end":{"line":36,"column":43}}]},"37":{"loc":{"start":{"line":36,"column":27},"end":{"line":36,"column":30}},"type":"binary-expr","locations":[{"start":{"line":36,"column":27},"end":{"line":36,"column":30}},{"start":{"line":36,"column":27},"end":{"line":36,"column":30}}]},"38":{"loc":{"start":{"line":37,"column":27},"end":{"line":37,"column":43}},"type":"cond-expr","locations":[{"start":{"line":37,"column":28},"end":{"line":37,"column":30}},{"start":{"line":37,"column":27},"end":{"line":37,"column":43}}]},"39":{"loc":{"start":{"line":37,"column":27},"end":{"line":37,"column":30}},"type":"binary-expr","locations":[{"start":{"line":37,"column":27},"end":{"line":37,"column":30}},{"start":{"line":37,"column":27},"end":{"line":37,"column":30}}]}},"s":{"0":1,"1":1,"2":1,"3":8,"4":8,"5":8,"6":1,"7":1,"8":1,"9":1,"10":1},"f":{"0":8,"1":1},"b":{"0":[0,8],"1":[8,8],"2":[0,8],"3":[8,8],"4":[0,8],"5":[8,8],"6":[0,8],"7":[8,8],"8":[0,8],"9":[8,8],"10":[0,8],"11":[8,8],"12":[0,8],"13":[8,8],"14":[0,8],"15":[8,8],"16":[0,8],"17":[8,8],"18":[0,8],"19":[8,8],"20":[0,1],"21":[1,1],"22":[0,1],"23":[1,1],"24":[0,1],"25":[1,1],"26":[0,1],"27":[1,1],"28":[0,1],"29":[1,1],"30":[0,1],"31":[1,1],"32":[0,1],"33":[1,1],"34":[0,1],"35":[1,1],"36":[0,1],"37":[1,1],"38":[0,1],"39":[1,1]}}
}
