TN:
SF:src/server.ts
FN:28,(anonymous_7)
FNF:1
FNH:1
FNDA:1,(anonymous_7)
DA:1,1
DA:3,1
DA:4,1
DA:5,1
DA:6,1
DA:7,1
DA:8,1
DA:9,1
DA:10,1
DA:11,1
DA:14,1
DA:16,1
DA:17,1
DA:21,1
DA:22,1
DA:23,1
DA:24,1
DA:27,1
DA:28,1
DA:29,1
DA:32,0
LF:21
LH:20
BRF:0
BRH:0
end_of_record
TN:
SF:src/controllers/carController.ts
FN:9,(anonymous_10)
FN:13,(anonymous_11)
FN:19,(anonymous_13)
FN:30,(anonymous_15)
FN:36,(anonymous_17)
FN:47,(anonymous_19)
FNF:6
FNH:1
FNDA:1,(anonymous_10)
FNDA:0,(anonymous_11)
FNDA:0,(anonymous_13)
FNDA:0,(anonymous_15)
FNDA:0,(anonymous_17)
FNDA:0,(anonymous_19)
DA:2,1
DA:3,1
DA:4,1
DA:7,1
DA:9,1
DA:10,1
DA:14,0
DA:16,0
DA:20,0
DA:21,0
DA:22,0
DA:23,0
DA:25,0
DA:31,0
DA:32,0
DA:33,0
DA:37,0
DA:38,0
DA:39,0
DA:40,0
DA:41,0
DA:43,0
DA:48,0
DA:49,0
DA:50,0
DA:51,0
DA:53,0
DA:58,1
LF:28
LH:7
BRDA:21,0,0,0
BRDA:21,0,1,0
BRDA:39,1,0,0
BRDA:39,1,1,0
BRDA:49,2,0,0
BRDA:49,2,1,0
BRF:6
BRH:0
end_of_record
TN:
SF:src/controllers/houseController.ts
FN:8,(anonymous_10)
FN:11,(anonymous_11)
FN:16,(anonymous_13)
FN:26,(anonymous_15)
FN:32,(anonymous_17)
FN:43,(anonymous_19)
FNF:6
FNH:1
FNDA:1,(anonymous_10)
FNDA:0,(anonymous_11)
FNDA:0,(anonymous_13)
FNDA:0,(anonymous_15)
FNDA:0,(anonymous_17)
FNDA:0,(anonymous_19)
DA:2,1
DA:3,1
DA:6,1
DA:8,1
DA:12,0
DA:13,0
DA:17,0
DA:18,0
DA:19,0
DA:20,0
DA:22,0
DA:27,0
DA:28,0
DA:29,0
DA:33,0
DA:34,0
DA:35,0
DA:36,0
DA:37,0
DA:39,0
DA:44,0
DA:45,0
DA:46,0
DA:47,0
DA:49,0
DA:54,1
LF:26
LH:5
BRDA:18,0,0,0
BRDA:18,0,1,0
BRDA:35,1,0,0
BRDA:35,1,1,0
BRDA:45,2,0,0
BRDA:45,2,1,0
BRF:6
BRH:0
end_of_record
TN:
SF:src/controllers/phoneController.ts
FN:8,(anonymous_10)
FN:11,(anonymous_11)
FN:17,(anonymous_13)
FN:27,(anonymous_15)
FN:33,(anonymous_17)
FN:44,(anonymous_19)
FNF:6
FNH:1
FNDA:1,(anonymous_10)
FNDA:0,(anonymous_11)
FNDA:0,(anonymous_13)
FNDA:0,(anonymous_15)
FNDA:0,(anonymous_17)
FNDA:0,(anonymous_19)
DA:2,1
DA:3,1
DA:6,1
DA:8,1
DA:13,0
DA:14,0
DA:18,0
DA:19,0
DA:20,0
DA:21,0
DA:23,0
DA:28,0
DA:29,0
DA:30,0
DA:34,0
DA:35,0
DA:36,0
DA:37,0
DA:38,0
DA:40,0
DA:45,0
DA:46,0
DA:47,0
DA:48,0
DA:50,0
DA:55,1
LF:26
LH:5
BRDA:19,0,0,0
BRDA:19,0,1,0
BRDA:36,1,0,0
BRDA:36,1,1,0
BRDA:46,2,0,0
BRDA:46,2,1,0
BRF:6
BRH:0
end_of_record
TN:
SF:src/controllers/userController.ts
FN:8,(anonymous_10)
FN:10,(anonymous_11)
FN:16,(anonymous_13)
FN:29,(anonymous_15)
FN:43,(anonymous_17)
FN:50,(anonymous_19)
FN:64,(anonymous_21)
FNF:7
FNH:4
FNDA:1,(anonymous_10)
FNDA:1,(anonymous_11)
FNDA:2,(anonymous_13)
FNDA:0,(anonymous_15)
FNDA:1,(anonymous_17)
FNDA:0,(anonymous_19)
FNDA:0,(anonymous_21)
DA:2,1
DA:3,1
DA:4,1
DA:7,1
DA:8,1
DA:11,1
DA:12,1
DA:13,1
DA:17,2
DA:18,2
DA:19,2
DA:20,2
DA:21,2
DA:23,0
DA:25,0
DA:30,0
DA:31,0
DA:32,0
DA:33,0
DA:34,0
DA:36,0
DA:38,0
DA:44,1
DA:45,1
DA:46,1
DA:47,1
DA:51,0
DA:52,0
DA:53,0
DA:54,0
DA:55,0
DA:56,0
DA:58,0
DA:60,0
DA:65,0
DA:66,0
DA:67,0
DA:68,0
DA:69,0
DA:71,0
DA:73,0
DA:78,1
LF:42
LH:18
BRDA:18,0,0,2
BRDA:18,0,1,0
BRDA:31,1,0,0
BRDA:31,1,1,0
BRDA:53,2,0,0
BRDA:53,2,1,0
BRDA:66,3,0,0
BRDA:66,3,1,0
BRF:8
BRH:1
end_of_record
TN:
SF:src/dto/carDTO.ts
FN:34,(anonymous_2)
FNF:1
FNH:0
FNDA:0,(anonymous_2)
DA:1,1
DA:3,1
DA:5,1
DA:8,1
DA:11,1
DA:14,1
DA:17,1
DA:20,1
DA:23,1
DA:26,1
DA:29,1
DA:32,1
DA:35,0
LF:13
LH:12
BRF:0
BRH:0
end_of_record
TN:
SF:src/dto/houseDTO.ts
FN:38,(anonymous_2)
FNF:1
FNH:0
FNDA:0,(anonymous_2)
DA:1,1
DA:4,1
DA:6,1
DA:9,1
DA:12,1
DA:15,1
DA:18,1
DA:21,1
DA:24,1
DA:27,1
DA:30,1
DA:33,1
DA:36,1
DA:39,0
LF:14
LH:13
BRF:0
BRH:0
end_of_record
TN:
SF:src/dto/phoneDTO.ts
FN:32,(anonymous_2)
FNF:1
FNH:0
FNDA:0,(anonymous_2)
DA:1,1
DA:4,1
DA:6,1
DA:9,1
DA:12,1
DA:15,1
DA:18,1
DA:21,1
DA:24,1
DA:27,1
DA:30,1
DA:33,0
LF:12
LH:11
BRF:0
BRH:0
end_of_record
TN:
SF:src/dto/userDTO.ts
FN:35,(anonymous_2)
FNF:1
FNH:1
FNDA:9,(anonymous_2)
DA:1,1
DA:4,1
DA:6,1
DA:9,1
DA:12,1
DA:15,1
DA:18,1
DA:21,1
DA:24,1
DA:27,1
DA:30,1
DA:33,1
DA:36,9
LF:13
LH:13
BRF:0
BRH:0
end_of_record
TN:
SF:src/models/car.ts
FN:37,(anonymous_2)
FNF:1
FNH:0
FNDA:0,(anonymous_2)
DA:1,1
DA:5,1
DA:8,1
DA:11,1
DA:14,1
DA:17,1
DA:20,1
DA:23,1
DA:26,1
DA:29,1
DA:32,1
DA:35,1
DA:38,0
DA:51,1
LF:14
LH:13
BRF:0
BRH:0
end_of_record
TN:
SF:src/models/house.ts
FNF:0
FNH:0
DA:1,1
DA:5,1
DA:8,1
DA:11,1
DA:14,1
DA:17,1
DA:20,1
DA:23,1
DA:26,1
DA:29,1
DA:32,1
DA:35,1
DA:38,1
DA:41,1
LF:14
LH:14
BRF:0
BRH:0
end_of_record
TN:
SF:src/models/phone.ts
FNF:0
FNH:0
DA:1,1
DA:5,1
DA:8,1
DA:11,1
DA:14,1
DA:17,1
DA:20,1
DA:23,1
DA:26,1
DA:29,1
DA:32,1
DA:36,1
LF:12
LH:12
BRF:0
BRH:0
end_of_record
TN:
SF:src/models/user.ts
FN:36,(anonymous_2)
FN:39,(anonymous_3)
FN:42,(anonymous_4)
FNF:3
FNH:3
FNDA:1,(anonymous_2)
FNDA:1,(anonymous_3)
FNDA:1,(anonymous_4)
DA:1,1
DA:2,1
DA:3,1
DA:4,1
DA:7,1
DA:10,1
DA:13,1
DA:16,1
DA:19,1
DA:22,1
DA:31,1
DA:34,1
DA:36,1
DA:37,1
DA:39,1
DA:40,1
DA:42,1
DA:43,1
DA:48,1
LF:19
LH:19
BRF:0
BRH:0
end_of_record
TN:
SF:src/repository/carRepository.ts
FN:11,(anonymous_9)
FN:14,(anonymous_10)
FN:25,(anonymous_12)
FN:37,(anonymous_14)
FN:54,(anonymous_16)
FN:66,(anonymous_18)
FNF:6
FNH:1
FNDA:1,(anonymous_9)
FNDA:0,(anonymous_10)
FNDA:0,(anonymous_12)
FNDA:0,(anonymous_14)
FNDA:0,(anonymous_16)
FNDA:0,(anonymous_18)
DA:1,1
DA:2,1
DA:3,1
DA:5,1
DA:6,1
DA:7,1
DA:10,1
DA:11,1
DA:16,0
DA:17,0
DA:18,0
DA:19,0
DA:20,0
DA:22,0
DA:26,0
DA:27,0
DA:28,0
DA:29,0
DA:30,0
DA:32,0
DA:38,0
DA:39,0
DA:40,0
DA:41,0
DA:42,0
DA:44,0
DA:46,0
DA:47,0
DA:51,0
DA:55,0
DA:56,0
DA:57,0
DA:58,0
DA:59,0
DA:61,0
DA:62,0
DA:67,0
DA:68,0
DA:70,0
DA:71,0
DA:72,0
DA:73,0
DA:74,0
DA:75,0
DA:76,0
DA:77,0
DA:80,0
DA:81,0
DA:82,0
DA:90,1
LF:50
LH:9
BRDA:40,0,0,0
BRDA:40,0,1,0
BRDA:40,1,0,0
BRDA:40,1,1,0
BRDA:48,2,0,0
BRDA:48,2,1,0
BRDA:48,3,0,0
BRDA:48,3,1,0
BRDA:57,4,0,0
BRDA:57,4,1,0
BRDA:70,5,0,0
BRDA:70,5,1,0
BRDA:70,6,0,0
BRDA:70,6,1,0
BRDA:76,7,0,0
BRDA:76,8,0,0
BRDA:76,8,1,0
BRDA:76,9,0,0
BRDA:76,9,1,0
BRF:19
BRH:0
end_of_record
TN:
SF:src/repository/houseRepository.ts
FN:11,(anonymous_9)
FN:13,(anonymous_10)
FN:24,(anonymous_12)
FN:44,(anonymous_14)
FN:64,(anonymous_16)
FN:70,(anonymous_18)
FNF:6
FNH:1
FNDA:1,(anonymous_9)
FNDA:0,(anonymous_10)
FNDA:0,(anonymous_12)
FNDA:0,(anonymous_14)
FNDA:0,(anonymous_16)
FNDA:0,(anonymous_18)
DA:1,1
DA:3,1
DA:4,1
DA:7,1
DA:8,1
DA:10,1
DA:11,1
DA:14,0
DA:15,0
DA:17,0
DA:18,0
DA:19,0
DA:21,0
DA:25,0
DA:26,0
DA:28,0
DA:29,0
DA:30,0
DA:31,0
DA:34,0
DA:35,0
DA:47,0
DA:48,0
DA:49,0
DA:50,0
DA:51,0
DA:53,0
DA:54,0
DA:58,0
DA:65,0
DA:66,0
DA:67,0
DA:71,0
DA:72,0
DA:73,0
DA:74,0
DA:75,0
DA:76,0
DA:77,0
DA:78,0
DA:79,0
DA:80,0
DA:81,0
DA:84,0
DA:85,0
DA:86,0
DA:87,0
DA:91,1
LF:48
LH:8
BRDA:28,0,0,0
BRDA:28,0,1,0
BRDA:50,1,0,0
BRDA:50,1,1,0
BRDA:50,2,0,0
BRDA:50,2,1,0
BRDA:55,3,0,0
BRDA:55,3,1,0
BRDA:55,4,0,0
BRDA:55,4,1,0
BRDA:74,5,0,0
BRDA:74,5,1,0
BRDA:74,6,0,0
BRDA:74,6,1,0
BRDA:80,7,0,0
BRDA:80,8,0,0
BRDA:80,8,1,0
BRDA:80,9,0,0
BRDA:80,9,1,0
BRF:19
BRH:0
end_of_record
TN:
SF:src/repository/phoneRepository.ts
FN:10,(anonymous_9)
FN:12,(anonymous_10)
FN:23,(anonymous_12)
FN:31,(anonymous_14)
FN:45,(anonymous_16)
FN:51,(anonymous_18)
FNF:6
FNH:1
FNDA:1,(anonymous_9)
FNDA:0,(anonymous_10)
FNDA:0,(anonymous_12)
FNDA:0,(anonymous_14)
FNDA:0,(anonymous_16)
FNDA:0,(anonymous_18)
DA:1,1
DA:3,1
DA:5,1
DA:6,1
DA:9,1
DA:10,1
DA:13,0
DA:14,0
DA:16,0
DA:17,0
DA:18,0
DA:20,0
DA:24,0
DA:25,0
DA:26,0
DA:28,0
DA:32,0
DA:33,0
DA:34,0
DA:36,0
DA:37,0
DA:41,0
DA:46,0
DA:47,0
DA:48,0
DA:52,0
DA:53,0
DA:54,0
DA:55,0
DA:56,0
DA:57,0
DA:58,0
DA:59,0
DA:60,0
DA:61,0
DA:64,0
DA:65,0
DA:66,0
DA:70,1
LF:39
LH:7
BRDA:34,0,0,0
BRDA:34,0,1,0
BRDA:34,1,0,0
BRDA:34,1,1,0
BRDA:38,2,0,0
BRDA:38,2,1,0
BRDA:38,3,0,0
BRDA:38,3,1,0
BRDA:54,4,0,0
BRDA:54,4,1,0
BRDA:54,5,0,0
BRDA:54,5,1,0
BRDA:60,6,0,0
BRDA:60,7,0,0
BRDA:60,7,1,0
BRDA:60,8,0,0
BRDA:60,8,1,0
BRF:17
BRH:0
end_of_record
TN:
SF:src/repository/userRepository.ts
FN:11,(anonymous_9)
FN:14,(anonymous_10)
FN:27,(anonymous_12)
FN:35,(anonymous_14)
FN:43,(anonymous_16)
FN:49,(anonymous_18)
FN:56,(anonymous_20)
FNF:7
FNH:4
FNDA:1,(anonymous_9)
FNDA:1,(anonymous_10)
FNDA:2,(anonymous_12)
FNDA:0,(anonymous_14)
FNDA:1,(anonymous_16)
FNDA:0,(anonymous_18)
FNDA:0,(anonymous_20)
DA:1,1
DA:2,1
DA:3,1
DA:5,1
DA:10,1
DA:11,1
DA:15,1
DA:16,1
DA:18,1
DA:19,6
DA:20,6
DA:22,1
DA:23,1
DA:28,2
DA:29,2
DA:30,2
DA:31,2
DA:32,2
DA:36,0
DA:37,0
DA:39,0
DA:40,0
DA:44,1
DA:45,1
DA:46,1
DA:50,0
DA:51,0
DA:52,0
DA:53,0
DA:57,0
DA:58,0
DA:59,0
DA:60,0
DA:64,1
LF:34
LH:22
BRF:0
BRH:0
end_of_record
TN:
SF:src/routes/carRoutes.ts
FN:7,carRoutes
FN:13,(anonymous_2)
FN:17,(anonymous_3)
FN:23,(anonymous_4)
FN:27,(anonymous_5)
FN:32,(anonymous_6)
FNF:6
FNH:1
FNDA:1,carRoutes
FNDA:0,(anonymous_2)
FNDA:0,(anonymous_3)
FNDA:0,(anonymous_4)
FNDA:0,(anonymous_5)
FNDA:0,(anonymous_6)
DA:1,1
DA:2,1
DA:3,1
DA:4,1
DA:5,1
DA:7,1
DA:8,1
DA:11,1
DA:13,1
DA:14,0
DA:15,0
DA:17,1
DA:18,0
DA:20,0
DA:23,1
DA:24,0
DA:27,1
DA:28,0
DA:29,0
DA:32,1
DA:33,0
DA:34,0
LF:22
LH:13
BRF:0
BRH:0
end_of_record
TN:
SF:src/routes/houseRoutes.ts
FN:6,houseRoutes
FN:12,(anonymous_2)
FN:18,(anonymous_3)
FN:22,(anonymous_4)
FN:26,(anonymous_5)
FN:31,(anonymous_6)
FNF:6
FNH:1
FNDA:1,houseRoutes
FNDA:0,(anonymous_2)
FNDA:0,(anonymous_3)
FNDA:0,(anonymous_4)
FNDA:0,(anonymous_5)
FNDA:0,(anonymous_6)
DA:1,1
DA:2,1
DA:3,1
DA:4,1
DA:6,1
DA:7,1
DA:10,1
DA:12,1
DA:13,0
DA:14,0
DA:15,0
DA:18,1
DA:19,0
DA:22,1
DA:23,0
DA:26,1
DA:27,0
DA:28,0
DA:31,1
DA:32,0
DA:33,0
LF:21
LH:12
BRF:0
BRH:0
end_of_record
TN:
SF:src/routes/phoneRoutes.ts
FN:6,phoneRoutes
FN:12,(anonymous_2)
FN:17,(anonymous_3)
FN:21,(anonymous_4)
FN:25,(anonymous_5)
FN:30,(anonymous_6)
FNF:6
FNH:1
FNDA:1,phoneRoutes
FNDA:0,(anonymous_2)
FNDA:0,(anonymous_3)
FNDA:0,(anonymous_4)
FNDA:0,(anonymous_5)
FNDA:0,(anonymous_6)
DA:1,1
DA:2,1
DA:3,1
DA:4,1
DA:6,1
DA:7,1
DA:10,1
DA:12,1
DA:13,0
DA:14,0
DA:17,1
DA:18,0
DA:21,1
DA:22,0
DA:25,1
DA:26,0
DA:27,0
DA:30,1
DA:31,0
DA:32,0
LF:20
LH:12
BRF:0
BRH:0
end_of_record
TN:
SF:src/routes/userRoutes.ts
FN:7,userRoutes
FN:12,(anonymous_2)
FN:18,(anonymous_3)
FN:24,(anonymous_4)
FN:29,(anonymous_5)
FN:34,(anonymous_6)
FN:40,(anonymous_7)
FNF:7
FNH:4
FNDA:1,userRoutes
FNDA:1,(anonymous_2)
FNDA:0,(anonymous_3)
FNDA:2,(anonymous_4)
FNDA:1,(anonymous_5)
FNDA:0,(anonymous_6)
FNDA:0,(anonymous_7)
DA:1,1
DA:2,1
DA:3,1
DA:4,1
DA:5,1
DA:7,1
DA:8,1
DA:10,1
DA:12,1
DA:13,1
DA:14,1
DA:15,1
DA:18,1
DA:19,0
DA:20,0
DA:21,0
DA:24,1
DA:25,2
DA:26,2
DA:29,1
DA:30,1
DA:31,1
DA:34,1
DA:35,0
DA:36,0
DA:37,0
DA:40,1
DA:41,0
DA:42,0
DA:43,0
LF:30
LH:21
BRF:0
BRH:0
end_of_record
TN:
SF:src/services/carService.ts
FN:10,(anonymous_10)
FN:15,(anonymous_11)
FN:20,(anonymous_13)
FN:26,(anonymous_15)
FN:31,(anonymous_17)
FN:35,(anonymous_19)
FNF:6
FNH:1
FNDA:1,(anonymous_10)
FNDA:0,(anonymous_11)
FNDA:0,(anonymous_13)
FNDA:0,(anonymous_15)
FNDA:0,(anonymous_17)
FNDA:0,(anonymous_19)
DA:1,1
DA:3,1
DA:4,1
DA:8,1
DA:10,1
DA:11,1
DA:16,0
DA:17,0
DA:22,0
DA:23,0
DA:27,0
DA:28,0
DA:32,0
DA:36,0
DA:40,1
LF:15
LH:7
BRF:0
BRH:0
end_of_record
TN:
SF:src/services/houseService.ts
FN:9,(anonymous_10)
FN:12,(anonymous_11)
FN:17,(anonymous_13)
FN:22,(anonymous_15)
FN:27,(anonymous_17)
FN:31,(anonymous_19)
FNF:6
FNH:1
FNDA:1,(anonymous_10)
FNDA:0,(anonymous_11)
FNDA:0,(anonymous_13)
FNDA:0,(anonymous_15)
FNDA:0,(anonymous_17)
FNDA:0,(anonymous_19)
DA:1,1
DA:3,1
DA:4,1
DA:7,1
DA:9,1
DA:10,1
DA:13,0
DA:14,0
DA:18,0
DA:19,0
DA:23,0
DA:24,0
DA:28,0
DA:32,0
DA:36,1
LF:15
LH:7
BRF:0
BRH:0
end_of_record
TN:
SF:src/services/phoneService.ts
FN:9,(anonymous_10)
FN:12,(anonymous_11)
FN:17,(anonymous_13)
FN:22,(anonymous_15)
FN:27,(anonymous_17)
FN:31,(anonymous_19)
FNF:6
FNH:1
FNDA:1,(anonymous_10)
FNDA:0,(anonymous_11)
FNDA:0,(anonymous_13)
FNDA:0,(anonymous_15)
FNDA:0,(anonymous_17)
FNDA:0,(anonymous_19)
DA:1,1
DA:3,1
DA:4,1
DA:7,1
DA:9,1
DA:10,1
DA:13,0
DA:14,0
DA:18,0
DA:19,0
DA:23,0
DA:24,0
DA:28,0
DA:32,0
DA:36,1
LF:15
LH:7
BRF:0
BRH:0
end_of_record
TN:
SF:src/services/userService.ts
FN:11,(anonymous_10)
FN:14,(anonymous_11)
FN:20,(anonymous_13)
FN:26,(anonymous_15)
FN:32,(anonymous_17)
FN:38,(anonymous_19)
FN:42,(anonymous_21)
FNF:7
FNH:4
FNDA:1,(anonymous_10)
FNDA:1,(anonymous_11)
FNDA:2,(anonymous_13)
FNDA:0,(anonymous_15)
FNDA:1,(anonymous_17)
FNDA:0,(anonymous_19)
FNDA:0,(anonymous_21)
DA:1,1
DA:2,1
DA:4,1
DA:5,1
DA:8,1
DA:11,1
DA:12,1
DA:15,1
DA:16,1
DA:17,1
DA:21,2
DA:22,2
DA:23,2
DA:27,0
DA:28,0
DA:29,0
DA:33,1
DA:34,1
DA:35,1
DA:39,0
DA:40,0
DA:43,0
DA:44,0
DA:48,1
LF:24
LH:17
BRF:0
BRH:0
end_of_record
TN:
SF:src/services/cache/cacheService.ts
FN:9,(anonymous_9)
FN:13,(anonymous_10)
FN:18,(anonymous_12)
FN:23,(anonymous_14)
FNF:4
FNH:1
FNDA:1,(anonymous_9)
FNDA:0,(anonymous_10)
FNDA:0,(anonymous_12)
FNDA:0,(anonymous_14)
DA:1,1
DA:4,1
DA:6,1
DA:10,1
DA:14,0
DA:15,0
DA:19,0
DA:20,0
DA:24,0
DA:25,0
LF:10
LH:4
BRF:0
BRH:0
end_of_record
TN:
SF:src/services/cache/redisAdapter.ts
FN:10,(anonymous_9)
FN:13,(anonymous_10)
FN:15,(anonymous_12)
FN:21,(anonymous_13)
FN:27,(anonymous_15)
FN:33,(anonymous_17)
FNF:6
FNH:1
FNDA:1,(anonymous_9)
FNDA:0,(anonymous_10)
FNDA:0,(anonymous_12)
FNDA:0,(anonymous_13)
FNDA:0,(anonymous_15)
FNDA:0,(anonymous_17)
DA:2,1
DA:3,1
DA:7,1
DA:14,0
DA:15,0
DA:16,0
DA:18,0
DA:19,0
DA:22,0
DA:23,0
DA:24,0
DA:28,0
DA:29,0
DA:30,0
DA:34,0
DA:35,0
LF:16
LH:3
BRF:0
BRH:0
end_of_record
TN:
SF:src/services/cache/entitysCacheService/carCacheService.ts
FN:10,(anonymous_9)
FN:12,(anonymous_10)
FN:23,(anonymous_12)
FN:32,(anonymous_14)
FNF:4
FNH:1
FNDA:1,(anonymous_9)
FNDA:0,(anonymous_10)
FNDA:0,(anonymous_12)
FNDA:0,(anonymous_14)
DA:1,1
DA:3,1
DA:4,1
DA:7,1
DA:8,1
DA:10,1
DA:13,0
DA:15,0
DA:16,0
DA:17,0
DA:18,0
DA:25,0
DA:27,0
DA:29,0
DA:33,0
DA:34,0
LF:16
LH:6
BRDA:15,0,0,0
BRF:1
BRH:0
end_of_record
TN:
SF:src/services/cache/entitysCacheService/houseCacheService.ts
FN:10,(anonymous_9)
FN:12,(anonymous_10)
FN:26,(anonymous_12)
FN:33,(anonymous_14)
FNF:4
FNH:1
FNDA:1,(anonymous_9)
FNDA:0,(anonymous_10)
FNDA:0,(anonymous_12)
FNDA:0,(anonymous_14)
DA:1,1
DA:3,1
DA:4,1
DA:7,1
DA:8,1
DA:10,1
DA:13,0
DA:14,0
DA:16,0
DA:17,0
DA:18,0
DA:19,0
DA:21,0
DA:27,0
DA:28,0
DA:30,0
DA:34,0
DA:35,0
LF:18
LH:6
BRDA:16,0,0,0
BRDA:16,0,1,0
BRF:2
BRH:0
end_of_record
TN:
SF:src/util/connection.ts
FN:4,connectDB
FNF:1
FNH:1
FNDA:1,connectDB
DA:1,1
DA:2,1
DA:4,1
DA:5,1
DA:6,1
DA:7,1
DA:9,0
LF:7
LH:6
BRF:0
BRH:0
end_of_record
TN:
SF:src/util/logger.ts
FN:17,(anonymous_0)
FNF:1
FNH:1
FNDA:16,(anonymous_0)
DA:2,1
DA:7,1
DA:18,16
LF:3
LH:3
BRF:0
BRH:0
end_of_record
TN:
SF:src/util/error/dataBaseError.ts
FN:2,(anonymous_0)
FNF:1
FNH:0
FNDA:0,(anonymous_0)
DA:1,1
DA:3,0
DA:4,0
LF:3
LH:1
BRF:0
BRH:0
end_of_record
TN:
SF:src/util/error/serverError.ts
FN:2,(anonymous_0)
FNF:1
FNH:0
FNDA:0,(anonymous_0)
DA:1,1
DA:3,0
DA:4,0
LF:3
LH:1
BRF:0
BRH:0
end_of_record
TN:
SF:src/util/mapper/carMap.ts
FN:8,(anonymous_1)
FN:26,(anonymous_2)
FNF:2
FNH:0
FNDA:0,(anonymous_1)
FNDA:0,(anonymous_2)
DA:1,1
DA:2,1
DA:6,1
DA:9,0
DA:22,0
DA:23,0
DA:27,0
DA:38,0
DA:39,0
LF:9
LH:3
BRDA:10,0,0,0
BRDA:10,0,1,0
BRDA:10,1,0,0
BRDA:10,1,1,0
BRDA:11,2,0,0
BRDA:11,2,1,0
BRDA:11,3,0,0
BRDA:11,3,1,0
BRDA:12,4,0,0
BRDA:12,4,1,0
BRDA:12,5,0,0
BRDA:12,5,1,0
BRDA:13,6,0,0
BRDA:13,6,1,0
BRDA:13,7,0,0
BRDA:13,7,1,0
BRDA:14,8,0,0
BRDA:14,8,1,0
BRDA:14,9,0,0
BRDA:14,9,1,0
BRDA:15,10,0,0
BRDA:15,10,1,0
BRDA:15,11,0,0
BRDA:15,11,1,0
BRDA:16,12,0,0
BRDA:16,12,1,0
BRDA:16,13,0,0
BRDA:16,13,1,0
BRDA:17,14,0,0
BRDA:17,14,1,0
BRDA:17,15,0,0
BRDA:17,15,1,0
BRDA:18,16,0,0
BRDA:18,16,1,0
BRDA:18,17,0,0
BRDA:18,17,1,0
BRDA:19,18,0,0
BRDA:19,18,1,0
BRDA:19,19,0,0
BRDA:19,19,1,0
BRDA:28,20,0,0
BRDA:28,20,1,0
BRDA:28,21,0,0
BRDA:28,21,1,0
BRDA:29,22,0,0
BRDA:29,22,1,0
BRDA:29,23,0,0
BRDA:29,23,1,0
BRDA:30,24,0,0
BRDA:30,24,1,0
BRDA:30,25,0,0
BRDA:30,25,1,0
BRDA:31,26,0,0
BRDA:31,26,1,0
BRDA:31,27,0,0
BRDA:31,27,1,0
BRDA:32,28,0,0
BRDA:32,28,1,0
BRDA:32,29,0,0
BRDA:32,29,1,0
BRDA:33,30,0,0
BRDA:33,30,1,0
BRDA:33,31,0,0
BRDA:33,31,1,0
BRDA:34,32,0,0
BRDA:34,32,1,0
BRDA:34,33,0,0
BRDA:34,33,1,0
BRDA:35,34,0,0
BRDA:35,34,1,0
BRDA:35,35,0,0
BRDA:35,35,1,0
BRDA:36,36,0,0
BRDA:36,36,1,0
BRDA:36,37,0,0
BRDA:36,37,1,0
BRF:76
BRH:0
end_of_record
TN:
SF:src/util/mapper/houseMap.ts
FN:9,(anonymous_1)
FN:28,(anonymous_2)
FNF:2
FNH:0
FNDA:0,(anonymous_1)
FNDA:0,(anonymous_2)
DA:1,1
DA:3,1
DA:7,1
DA:10,0
DA:24,0
DA:25,0
DA:29,0
DA:43,0
DA:44,0
LF:9
LH:3
BRDA:11,0,0,0
BRDA:11,0,1,0
BRDA:11,1,0,0
BRDA:11,1,1,0
BRDA:12,2,0,0
BRDA:12,2,1,0
BRDA:12,3,0,0
BRDA:12,3,1,0
BRDA:13,4,0,0
BRDA:13,4,1,0
BRDA:13,5,0,0
BRDA:13,5,1,0
BRDA:14,6,0,0
BRDA:14,6,1,0
BRDA:14,7,0,0
BRDA:14,7,1,0
BRDA:15,8,0,0
BRDA:15,8,1,0
BRDA:15,9,0,0
BRDA:15,9,1,0
BRDA:16,10,0,0
BRDA:16,10,1,0
BRDA:16,11,0,0
BRDA:16,11,1,0
BRDA:17,12,0,0
BRDA:17,12,1,0
BRDA:17,13,0,0
BRDA:17,13,1,0
BRDA:18,14,0,0
BRDA:18,14,1,0
BRDA:18,15,0,0
BRDA:18,15,1,0
BRDA:19,16,0,0
BRDA:19,16,1,0
BRDA:19,17,0,0
BRDA:19,17,1,0
BRDA:20,18,0,0
BRDA:20,18,1,0
BRDA:20,19,0,0
BRDA:20,19,1,0
BRDA:21,20,0,0
BRDA:21,20,1,0
BRDA:21,21,0,0
BRDA:21,21,1,0
BRDA:30,22,0,0
BRDA:30,22,1,0
BRDA:30,23,0,0
BRDA:30,23,1,0
BRDA:31,24,0,0
BRDA:31,24,1,0
BRDA:31,25,0,0
BRDA:31,25,1,0
BRDA:32,26,0,0
BRDA:32,26,1,0
BRDA:32,27,0,0
BRDA:32,27,1,0
BRDA:33,28,0,0
BRDA:33,28,1,0
BRDA:33,29,0,0
BRDA:33,29,1,0
BRDA:34,30,0,0
BRDA:34,30,1,0
BRDA:34,31,0,0
BRDA:34,31,1,0
BRDA:35,32,0,0
BRDA:35,32,1,0
BRDA:35,33,0,0
BRDA:35,33,1,0
BRDA:36,34,0,0
BRDA:36,34,1,0
BRDA:36,35,0,0
BRDA:36,35,1,0
BRDA:37,36,0,0
BRDA:37,36,1,0
BRDA:37,37,0,0
BRDA:37,37,1,0
BRDA:38,38,0,0
BRDA:38,38,1,0
BRDA:38,39,0,0
BRDA:38,39,1,0
BRDA:39,40,0,0
BRDA:39,40,1,0
BRDA:39,41,0,0
BRDA:39,41,1,0
BRDA:40,42,0,0
BRDA:40,42,1,0
BRDA:40,43,0,0
BRDA:40,43,1,0
BRF:88
BRH:0
end_of_record
TN:
SF:src/util/mapper/phoneMap.ts
FN:8,(anonymous_1)
FN:25,(anonymous_2)
FNF:2
FNH:0
FNDA:0,(anonymous_1)
FNDA:0,(anonymous_2)
DA:1,1
DA:2,1
DA:6,1
DA:9,0
DA:21,0
DA:22,0
DA:26,0
DA:37,0
DA:38,0
LF:9
LH:3
BRDA:10,0,0,0
BRDA:10,0,1,0
BRDA:10,1,0,0
BRDA:10,1,1,0
BRDA:11,2,0,0
BRDA:11,2,1,0
BRDA:11,3,0,0
BRDA:11,3,1,0
BRDA:12,4,0,0
BRDA:12,4,1,0
BRDA:12,5,0,0
BRDA:12,5,1,0
BRDA:13,6,0,0
BRDA:13,6,1,0
BRDA:13,7,0,0
BRDA:13,7,1,0
BRDA:14,8,0,0
BRDA:14,8,1,0
BRDA:14,9,0,0
BRDA:14,9,1,0
BRDA:15,10,0,0
BRDA:15,10,1,0
BRDA:15,11,0,0
BRDA:15,11,1,0
BRDA:16,12,0,0
BRDA:16,12,1,0
BRDA:16,13,0,0
BRDA:16,13,1,0
BRDA:17,14,0,0
BRDA:17,14,1,0
BRDA:17,15,0,0
BRDA:17,15,1,0
BRDA:18,16,0,0
BRDA:18,16,1,0
BRDA:18,17,0,0
BRDA:18,17,1,0
BRDA:27,18,0,0
BRDA:27,18,1,0
BRDA:27,19,0,0
BRDA:27,19,1,0
BRDA:28,20,0,0
BRDA:28,20,1,0
BRDA:28,21,0,0
BRDA:28,21,1,0
BRDA:29,22,0,0
BRDA:29,22,1,0
BRDA:29,23,0,0
BRDA:29,23,1,0
BRDA:30,24,0,0
BRDA:30,24,1,0
BRDA:30,25,0,0
BRDA:30,25,1,0
BRDA:31,26,0,0
BRDA:31,26,1,0
BRDA:31,27,0,0
BRDA:31,27,1,0
BRDA:32,28,0,0
BRDA:32,28,1,0
BRDA:32,29,0,0
BRDA:32,29,1,0
BRDA:33,30,0,0
BRDA:33,30,1,0
BRDA:33,31,0,0
BRDA:33,31,1,0
BRDA:34,32,0,0
BRDA:34,32,1,0
BRDA:34,33,0,0
BRDA:34,33,1,0
BRDA:35,34,0,0
BRDA:35,34,1,0
BRDA:35,35,0,0
BRDA:35,35,1,0
BRF:72
BRH:0
end_of_record
TN:
SF:src/util/mapper/userMap.ts
FN:8,(anonymous_1)
FN:26,(anonymous_2)
FNF:2
FNH:2
FNDA:8,(anonymous_1)
FNDA:1,(anonymous_2)
DA:1,1
DA:2,1
DA:6,1
DA:9,8
DA:22,8
DA:23,8
DA:27,1
DA:39,1
DA:40,1
LF:9
LH:9
BRDA:10,0,0,0
BRDA:10,0,1,8
BRDA:10,1,0,8
BRDA:10,1,1,8
BRDA:11,2,0,0
BRDA:11,2,1,8
BRDA:11,3,0,8
BRDA:11,3,1,8
BRDA:12,4,0,0
BRDA:12,4,1,8
BRDA:12,5,0,8
BRDA:12,5,1,8
BRDA:13,6,0,0
BRDA:13,6,1,8
BRDA:13,7,0,8
BRDA:13,7,1,8
BRDA:14,8,0,0
BRDA:14,8,1,8
BRDA:14,9,0,8
BRDA:14,9,1,8
BRDA:15,10,0,0
BRDA:15,10,1,8
BRDA:15,11,0,8
BRDA:15,11,1,8
BRDA:16,12,0,0
BRDA:16,12,1,8
BRDA:16,13,0,8
BRDA:16,13,1,8
BRDA:17,14,0,0
BRDA:17,14,1,8
BRDA:17,15,0,8
BRDA:17,15,1,8
BRDA:18,16,0,0
BRDA:18,16,1,8
BRDA:18,17,0,8
BRDA:18,17,1,8
BRDA:19,18,0,0
BRDA:19,18,1,8
BRDA:19,19,0,8
BRDA:19,19,1,8
BRDA:28,20,0,0
BRDA:28,20,1,1
BRDA:28,21,0,1
BRDA:28,21,1,1
BRDA:29,22,0,0
BRDA:29,22,1,1
BRDA:29,23,0,1
BRDA:29,23,1,1
BRDA:30,24,0,0
BRDA:30,24,1,1
BRDA:30,25,0,1
BRDA:30,25,1,1
BRDA:31,26,0,0
BRDA:31,26,1,1
BRDA:31,27,0,1
BRDA:31,27,1,1
BRDA:32,28,0,0
BRDA:32,28,1,1
BRDA:32,29,0,1
BRDA:32,29,1,1
BRDA:33,30,0,0
BRDA:33,30,1,1
BRDA:33,31,0,1
BRDA:33,31,1,1
BRDA:34,32,0,0
BRDA:34,32,1,1
BRDA:34,33,0,1
BRDA:34,33,1,1
BRDA:35,34,0,0
BRDA:35,34,1,1
BRDA:35,35,0,1
BRDA:35,35,1,1
BRDA:36,36,0,0
BRDA:36,36,1,1
BRDA:36,37,0,1
BRDA:36,37,1,1
BRDA:37,38,0,0
BRDA:37,38,1,1
BRDA:37,39,0,1
BRDA:37,39,1,1
BRF:80
BRH:60
end_of_record
